[1] "Fitting Poisson inter-region models..."
[1] "Beginning variable selection for: CA1.1"
[1] "selecting top 1 variables..."
[1] "selecting top 2 variables..."
[1] "selecting top 3 variables..."
[1] "selecting top 4 variables..."
[1] "selecting top 5 variables..."
[1] "Completed after 0.387952367464701 minutes"
[1] "Beginning variable selection for: CA1.2"
[1] "selecting top 1 variables..."
[1] "selecting top 2 variables..."
[1] "selecting top 3 variables..."
[1] "selecting top 4 variables..."
[1] "selecting top 5 variables..."
[1] "Completed after 0.758467475573222 minutes"
[1] "Beginning variable selection for: CA1.3"
[1] "selecting top 1 variables..."
[1] "selecting top 2 variables..."
[1] "selecting top 3 variables..."
[1] "selecting top 4 variables..."
[1] "selecting top 5 variables..."
[1] "Completed after 1.12905498345693 minutes"
[1] "Beginning variable selection for: CA1.4"
[1] "selecting top 1 variables..."
[1] "selecting top 2 variables..."
[1] "selecting top 3 variables..."
[1] "selecting top 4 variables..."
[1] "selecting top 5 variables..."
[1] "Completed after 1.49875337680181 minutes"
[1] "Beginning variable selection for: CA1.5"
[1] "selecting top 1 variables..."
[1] "selecting top 2 variables..."
[1] "selecting top 3 variables..."
[1] "selecting top 4 variables..."
[1] "selecting top 5 variables..."
[1] "Completed after 1.86970508893331 minutes"
[1] "Beginning variable selection for: CA1.6"
[1] "selecting top 1 variables..."
[1] "selecting top 2 variables..."
[1] "selecting top 3 variables..."
[1] "selecting top 4 variables..."
[1] "selecting top 5 variables..."
[1] "Completed after 2.23927318652471 minutes"
[1] "Beginning variable selection for: CA1.7"
[1] "selecting top 1 variables..."
[1] "selecting top 2 variables..."
[1] "selecting top 3 variables..."
[1] "selecting top 4 variables..."
[1] "selecting top 5 variables..."
[1] "Completed after 2.60897767146428 minutes"
[1] "Beginning variable selection for: CA1.8"
[1] "selecting top 1 variables..."
[1] "selecting top 2 variables..."
[1] "selecting top 3 variables..."
[1] "selecting top 4 variables..."
[1] "selecting top 5 variables..."
[1] "Completed after 2.97984446684519 minutes"
[1] "Beginning variable selection for: CA1.9"
[1] "Model fitting error for CA1.9 full model: Error in glarma(train_df[, 1], as.matrix(train_df[, -1]), phiLags = 1:5, : Fisher Scoring fails to converge from the initial estimates.\n"
[1] "selecting top 1 variables..."
[1] "selecting top 2 variables..."
[1] "Model fitting error on CA1.9 (5, 6): Error in GL$cov %*% GL$ll.d: requires numeric/complex matrix/vector arguments\n"
[1] "Model evaluation error on CA1.9 (5, 6): Error in doTryCatch(return(expr), name, parentenv, handler): object 'model' not found\n"
[1] "selecting top 3 variables..."
[1] "Model fitting error on CA1.9 (5, 6): Error in glarma(train_df[, 1], as.matrix(train_df[, -1]), phiLags = 1:p, : Fisher Scoring fails to converge from the initial estimates.\n"
[1] "Model evaluation error on CA1.9 (5, 6): Error in doTryCatch(return(expr), name, parentenv, handler): object 'model' not found\n"
[1] "Model fitting error on CA1.9 (5, 6): Error in glarma(train_df[, 1], as.matrix(train_df[, -1]), phiLags = 1:p, : Fisher Scoring fails to converge from the initial estimates.\n"
[1] "selecting top 4 variables..."
[1] "Model fitting error on CA1.9 (5, 6): Error in glarma(train_df[, 1], as.matrix(train_df[, -1]), phiLags = 1:p, : Fisher Scoring fails to converge from the initial estimates.\n"
[1] "Model evaluation error on CA1.9 (5, 6): Error in doTryCatch(return(expr), name, parentenv, handler): object 'model' not found\n"
[1] "Model fitting error on CA1.9 (5, 6): Error in GL$cov %*% GL$ll.d: requires numeric/complex matrix/vector arguments\n"
[1] "selecting top 5 variables..."
[1] "Model fitting error on CA1.9 (5, 6): Error in glarma(train_df[, 1], as.matrix(train_df[, -1]), phiLags = 1:p, : Fisher Scoring fails to converge from the initial estimates.\n"
[1] "Model evaluation error on CA1.9 (5, 6): Error in doTryCatch(return(expr), name, parentenv, handler): object 'model' not found\n"
[1] "Model fitting error on CA1.9 (5, 6): Error in glarma(train_df[, 1], as.matrix(train_df[, -1]), phiLags = 1:p, : Fisher Scoring fails to converge from the initial estimates.\n"
[1] "Completed after 3.2753009279569 minutes"
[1] "Beginning variable selection for: CA1.10"
[1] "selecting top 1 variables..."
[1] "selecting top 2 variables..."
[1] "selecting top 3 variables..."
[1] "selecting top 4 variables..."
[1] "selecting top 5 variables..."
[1] "Completed after 3.64473426739375 minutes"
[1] "Beginning variable selection for: CA1.11"
[1] "selecting top 1 variables..."
[1] "selecting top 2 variables..."
[1] "selecting top 3 variables..."
[1] "selecting top 4 variables..."
[1] "selecting top 5 variables..."
[1] "Completed after 4.01560833056768 minutes"
[1] "Beginning variable selection for: CA1.12"
[1] "selecting top 1 variables..."
[1] "selecting top 2 variables..."
[1] "selecting top 3 variables..."
[1] "selecting top 4 variables..."
[1] "selecting top 5 variables..."
[1] "Completed after 4.38559443155924 minutes"
[1] "Beginning variable selection for: CA1.13"
[1] "selecting top 1 variables..."
[1] "selecting top 2 variables..."
[1] "selecting top 3 variables..."
[1] "selecting top 4 variables..."
[1] "selecting top 5 variables..."
[1] "Completed after 4.75603572130203 minutes"
[1] "Beginning variable selection for: CA1.14"
[1] "selecting top 1 variables..."
[1] "selecting top 2 variables..."
[1] "selecting top 3 variables..."
[1] "selecting top 4 variables..."
[1] "selecting top 5 variables..."
[1] "Completed after 5.12683252890905 minutes"
[1] "Beginning variable selection for: CA1.15"
[1] "selecting top 1 variables..."
[1] "selecting top 2 variables..."
[1] "selecting top 3 variables..."
[1] "selecting top 4 variables..."
[1] "selecting top 5 variables..."
[1] "Completed after 5.49626928965251 minutes"
[1] "Beginning model tuning for: CA1.1"
[1] "tuning with p=1 & q=1..."
[1] "tuning with p=1 & q=2..."
[1] "tuning with p=1 & q=3..."
[1] "tuning with p=1 & q=4..."
[1] "tuning with p=1 & q=5..."
[1] "tuning with p=2 & q=1..."
[1] "tuning with p=2 & q=2..."
[1] "tuning with p=2 & q=3..."
[1] "tuning with p=2 & q=4..."
[1] "tuning with p=2 & q=5..."
[1] "tuning with p=3 & q=1..."
[1] "tuning with p=3 & q=2..."
[1] "tuning with p=3 & q=3..."
[1] "tuning with p=3 & q=4..."
[1] "tuning with p=3 & q=5..."
[1] "tuning with p=4 & q=1..."
[1] "tuning with p=4 & q=2..."
[1] "tuning with p=4 & q=3..."
[1] "tuning with p=4 & q=4..."
[1] "tuning with p=4 & q=5..."
[1] "tuning with p=5 & q=1..."
[1] "tuning with p=5 & q=2..."
[1] "tuning with p=5 & q=3..."
[1] "tuning with p=5 & q=4..."
[1] "tuning with p=5 & q=5..."
[1] "Completed after 5.97524017890294 minutes"
[1] "Beginning model tuning for: CA1.2"
[1] "tuning with p=1 & q=1..."
[1] "tuning with p=1 & q=2..."
[1] "tuning with p=1 & q=3..."
[1] "tuning with p=1 & q=4..."
[1] "tuning with p=1 & q=5..."
[1] "tuning with p=2 & q=1..."
[1] "tuning with p=2 & q=2..."
[1] "tuning with p=2 & q=3..."
[1] "tuning with p=2 & q=4..."
[1] "tuning with p=2 & q=5..."
[1] "tuning with p=3 & q=1..."
[1] "tuning with p=3 & q=2..."
[1] "tuning with p=3 & q=3..."
[1] "tuning with p=3 & q=4..."
[1] "tuning with p=3 & q=5..."
[1] "tuning with p=4 & q=1..."
[1] "tuning with p=4 & q=2..."
[1] "tuning with p=4 & q=3..."
[1] "tuning with p=4 & q=4..."
[1] "tuning with p=4 & q=5..."
[1] "tuning with p=5 & q=1..."
[1] "tuning with p=5 & q=2..."
[1] "tuning with p=5 & q=3..."
[1] "tuning with p=5 & q=4..."
[1] "tuning with p=5 & q=5..."
[1] "Completed after 6.45942325592041 minutes"
[1] "Beginning model tuning for: CA1.3"
[1] "tuning with p=1 & q=1..."
[1] "tuning with p=1 & q=2..."
[1] "tuning with p=1 & q=3..."
[1] "tuning with p=1 & q=4..."
[1] "tuning with p=1 & q=5..."
[1] "tuning with p=2 & q=1..."
[1] "tuning with p=2 & q=2..."
[1] "tuning with p=2 & q=3..."
[1] "tuning with p=2 & q=4..."
[1] "tuning with p=2 & q=5..."
[1] "tuning with p=3 & q=1..."
[1] "tuning with p=3 & q=2..."
[1] "tuning with p=3 & q=3..."
[1] "tuning with p=3 & q=4..."
[1] "tuning with p=3 & q=5..."
[1] "tuning with p=4 & q=1..."
[1] "tuning with p=4 & q=2..."
[1] "tuning with p=4 & q=3..."
[1] "tuning with p=4 & q=4..."
[1] "tuning with p=4 & q=5..."
[1] "tuning with p=5 & q=1..."
[1] "tuning with p=5 & q=2..."
[1] "tuning with p=5 & q=3..."
[1] "tuning with p=5 & q=4..."
[1] "tuning with p=5 & q=5..."
[1] "Completed after 6.95686510006587 minutes"
[1] "Beginning model tuning for: CA1.4"
[1] "tuning with p=1 & q=1..."
[1] "tuning with p=1 & q=2..."
[1] "tuning with p=1 & q=3..."
[1] "tuning with p=1 & q=4..."
[1] "tuning with p=1 & q=5..."
[1] "tuning with p=2 & q=1..."
[1] "tuning with p=2 & q=2..."
[1] "tuning with p=2 & q=3..."
[1] "tuning with p=2 & q=4..."
[1] "tuning with p=2 & q=5..."
[1] "tuning with p=3 & q=1..."
[1] "tuning with p=3 & q=2..."
[1] "tuning with p=3 & q=3..."
[1] "tuning with p=3 & q=4..."
[1] "tuning with p=3 & q=5..."
[1] "tuning with p=4 & q=1..."
[1] "tuning with p=4 & q=2..."
[1] "tuning with p=4 & q=3..."
[1] "tuning with p=4 & q=4..."
[1] "tuning with p=4 & q=5..."
[1] "tuning with p=5 & q=1..."
[1] "tuning with p=5 & q=2..."
[1] "tuning with p=5 & q=3..."
[1] "tuning with p=5 & q=4..."
[1] "tuning with p=5 & q=5..."
[1] "Completed after 7.43474742571513 minutes"
[1] "Beginning model tuning for: CA1.5"
[1] "tuning with p=1 & q=1..."
[1] "tuning with p=1 & q=2..."
[1] "tuning with p=1 & q=3..."
[1] "tuning with p=1 & q=4..."
[1] "tuning with p=1 & q=5..."
[1] "tuning with p=2 & q=1..."
[1] "tuning with p=2 & q=2..."
[1] "tuning with p=2 & q=3..."
[1] "tuning with p=2 & q=4..."
[1] "tuning with p=2 & q=5..."
[1] "tuning with p=3 & q=1..."
[1] "tuning with p=3 & q=2..."
[1] "tuning with p=3 & q=3..."
[1] "tuning with p=3 & q=4..."
[1] "tuning with p=3 & q=5..."
[1] "tuning with p=4 & q=1..."
[1] "tuning with p=4 & q=2..."
[1] "tuning with p=4 & q=3..."
[1] "tuning with p=4 & q=4..."
[1] "tuning with p=4 & q=5..."
[1] "tuning with p=5 & q=1..."
[1] "tuning with p=5 & q=2..."
[1] "tuning with p=5 & q=3..."
[1] "tuning with p=5 & q=4..."
[1] "tuning with p=5 & q=5..."
[1] "Completed after 7.93277343114217 minutes"
[1] "Beginning model tuning for: CA1.6"
[1] "tuning with p=1 & q=1..."
[1] "tuning with p=1 & q=2..."
[1] "tuning with p=1 & q=3..."
[1] "tuning with p=1 & q=4..."
[1] "tuning with p=1 & q=5..."
[1] "tuning with p=2 & q=1..."
[1] "tuning with p=2 & q=2..."
[1] "tuning with p=2 & q=3..."
[1] "tuning with p=2 & q=4..."
[1] "tuning with p=2 & q=5..."
[1] "tuning with p=3 & q=1..."
[1] "tuning with p=3 & q=2..."
[1] "tuning with p=3 & q=3..."
[1] "tuning with p=3 & q=4..."
[1] "tuning with p=3 & q=5..."
[1] "tuning with p=4 & q=1..."
[1] "tuning with p=4 & q=2..."
[1] "tuning with p=4 & q=3..."
[1] "tuning with p=4 & q=4..."
[1] "tuning with p=4 & q=5..."
[1] "tuning with p=5 & q=1..."
[1] "tuning with p=5 & q=2..."
[1] "tuning with p=5 & q=3..."
[1] "tuning with p=5 & q=4..."
[1] "tuning with p=5 & q=5..."
[1] "Completed after 8.42861216862996 minutes"
[1] "Beginning model tuning for: CA1.7"
[1] "tuning with p=1 & q=1..."
[1] "tuning with p=1 & q=2..."
[1] "tuning with p=1 & q=3..."
[1] "tuning with p=1 & q=4..."
[1] "tuning with p=1 & q=5..."
[1] "tuning with p=2 & q=1..."
[1] "tuning with p=2 & q=2..."
[1] "tuning with p=2 & q=3..."
[1] "tuning with p=2 & q=4..."
[1] "tuning with p=2 & q=5..."
[1] "tuning with p=3 & q=1..."
[1] "tuning with p=3 & q=2..."
[1] "tuning with p=3 & q=3..."
[1] "tuning with p=3 & q=4..."
[1] "tuning with p=3 & q=5..."
[1] "tuning with p=4 & q=1..."
[1] "tuning with p=4 & q=2..."
[1] "tuning with p=4 & q=3..."
[1] "tuning with p=4 & q=4..."
[1] "tuning with p=4 & q=5..."
[1] "tuning with p=5 & q=1..."
[1] "tuning with p=5 & q=2..."
[1] "tuning with p=5 & q=3..."
[1] "tuning with p=5 & q=4..."
[1] "tuning with p=5 & q=5..."
[1] "Completed after 8.9267103989919 minutes"
[1] "Beginning model tuning for: CA1.8"
[1] "tuning with p=1 & q=1..."
[1] "tuning with p=1 & q=2..."
[1] "tuning with p=1 & q=3..."
[1] "tuning with p=1 & q=4..."
[1] "tuning with p=1 & q=5..."
[1] "tuning with p=2 & q=1..."
[1] "tuning with p=2 & q=2..."
[1] "tuning with p=2 & q=3..."
[1] "tuning with p=2 & q=4..."
[1] "tuning with p=2 & q=5..."
[1] "tuning with p=3 & q=1..."
[1] "tuning with p=3 & q=2..."
[1] "tuning with p=3 & q=3..."
[1] "tuning with p=3 & q=4..."
[1] "tuning with p=3 & q=5..."
[1] "tuning with p=4 & q=1..."
[1] "tuning with p=4 & q=2..."
[1] "tuning with p=4 & q=3..."
[1] "tuning with p=4 & q=4..."
[1] "tuning with p=4 & q=5..."
[1] "tuning with p=5 & q=1..."
[1] "tuning with p=5 & q=2..."
[1] "tuning with p=5 & q=3..."
[1] "tuning with p=5 & q=4..."
[1] "tuning with p=5 & q=5..."
[1] "Completed after 9.42264792521795 minutes"
[1] "Beginning model tuning for: CA1.9"
[1] "tuning with p=1 & q=1..."
[1] "tuning with p=1 & q=2..."
[1] "tuning with p=1 & q=3..."
[1] "tuning with p=1 & q=4..."
[1] "tuning with p=1 & q=5..."
[1] "tuning with p=2 & q=1..."
[1] "tuning with p=2 & q=2..."
[1] "tuning with p=2 & q=3..."
[1] "tuning with p=2 & q=4..."
[1] "tuning with p=2 & q=5..."
[1] "tuning with p=3 & q=1..."
[1] "tuning with p=3 & q=2..."
[1] "tuning with p=3 & q=3..."
[1] "tuning with p=3 & q=4..."
[1] "tuning with p=3 & q=5..."
[1] "tuning with p=4 & q=1..."
[1] "tuning with p=4 & q=2..."
[1] "tuning with p=4 & q=3..."
[1] "tuning with p=4 & q=4..."
[1] "tuning with p=4 & q=5..."
[1] "tuning with p=5 & q=1..."
[1] "tuning with p=5 & q=2..."
[1] "tuning with p=5 & q=3..."
[1] "tuning with p=5 & q=4..."
[1] "tuning with p=5 & q=5..."
[1] "Completed after 9.90200122992198 minutes"
[1] "Beginning model tuning for: CA1.10"
[1] "tuning with p=1 & q=1..."
[1] "tuning with p=1 & q=2..."
[1] "tuning with p=1 & q=3..."
[1] "tuning with p=1 & q=4..."
[1] "tuning with p=1 & q=5..."
[1] "tuning with p=2 & q=1..."
[1] "tuning with p=2 & q=2..."
[1] "tuning with p=2 & q=3..."
[1] "tuning with p=2 & q=4..."
[1] "tuning with p=2 & q=5..."
[1] "tuning with p=3 & q=1..."
[1] "tuning with p=3 & q=2..."
[1] "tuning with p=3 & q=3..."
[1] "tuning with p=3 & q=4..."
[1] "tuning with p=3 & q=5..."
[1] "tuning with p=4 & q=1..."
[1] "tuning with p=4 & q=2..."
[1] "tuning with p=4 & q=3..."
[1] "tuning with p=4 & q=4..."
[1] "tuning with p=4 & q=5..."
[1] "tuning with p=5 & q=1..."
[1] "tuning with p=5 & q=2..."
[1] "tuning with p=5 & q=3..."
[1] "tuning with p=5 & q=4..."
[1] "tuning with p=5 & q=5..."
[1] "Completed after 10.397769121329 minutes"
[1] "Beginning model tuning for: CA1.11"
[1] "tuning with p=1 & q=1..."
[1] "tuning with p=1 & q=2..."
[1] "tuning with p=1 & q=3..."
[1] "tuning with p=1 & q=4..."
[1] "tuning with p=1 & q=5..."
[1] "tuning with p=2 & q=1..."
[1] "tuning with p=2 & q=2..."
[1] "tuning with p=2 & q=3..."
[1] "tuning with p=2 & q=4..."
[1] "tuning with p=2 & q=5..."
[1] "tuning with p=3 & q=1..."
[1] "tuning with p=3 & q=2..."
[1] "tuning with p=3 & q=3..."
[1] "tuning with p=3 & q=4..."
[1] "tuning with p=3 & q=5..."
[1] "tuning with p=4 & q=1..."
[1] "tuning with p=4 & q=2..."
[1] "tuning with p=4 & q=3..."
[1] "tuning with p=4 & q=4..."
[1] "tuning with p=4 & q=5..."
[1] "tuning with p=5 & q=1..."
[1] "tuning with p=5 & q=2..."
[1] "tuning with p=5 & q=3..."
[1] "tuning with p=5 & q=4..."
[1] "tuning with p=5 & q=5..."
[1] "Completed after 10.8894667903582 minutes"
[1] "Beginning model tuning for: CA1.12"
[1] "tuning with p=1 & q=1..."
[1] "tuning with p=1 & q=2..."
[1] "tuning with p=1 & q=3..."
[1] "tuning with p=1 & q=4..."
[1] "tuning with p=1 & q=5..."
[1] "tuning with p=2 & q=1..."
[1] "tuning with p=2 & q=2..."
[1] "tuning with p=2 & q=3..."
[1] "tuning with p=2 & q=4..."
[1] "tuning with p=2 & q=5..."
[1] "tuning with p=3 & q=1..."
[1] "tuning with p=3 & q=2..."
[1] "tuning with p=3 & q=3..."
[1] "tuning with p=3 & q=4..."
[1] "tuning with p=3 & q=5..."
[1] "tuning with p=4 & q=1..."
[1] "tuning with p=4 & q=2..."
[1] "tuning with p=4 & q=3..."
[1] "tuning with p=4 & q=4..."
[1] "tuning with p=4 & q=5..."
[1] "tuning with p=5 & q=1..."
[1] "tuning with p=5 & q=2..."
[1] "tuning with p=5 & q=3..."
[1] "tuning with p=5 & q=4..."
[1] "tuning with p=5 & q=5..."
[1] "Completed after 11.3817836125692 minutes"
[1] "Beginning model tuning for: CA1.13"
[1] "tuning with p=1 & q=1..."
[1] "tuning with p=1 & q=2..."
[1] "tuning with p=1 & q=3..."
[1] "tuning with p=1 & q=4..."
[1] "tuning with p=1 & q=5..."
[1] "tuning with p=2 & q=1..."
[1] "tuning with p=2 & q=2..."
[1] "tuning with p=2 & q=3..."
[1] "tuning with p=2 & q=4..."
[1] "tuning with p=2 & q=5..."
[1] "tuning with p=3 & q=1..."
[1] "tuning with p=3 & q=2..."
[1] "tuning with p=3 & q=3..."
[1] "tuning with p=3 & q=4..."
[1] "tuning with p=3 & q=5..."
[1] "tuning with p=4 & q=1..."
[1] "tuning with p=4 & q=2..."
[1] "tuning with p=4 & q=3..."
[1] "tuning with p=4 & q=4..."
[1] "tuning with p=4 & q=5..."
[1] "tuning with p=5 & q=1..."
[1] "tuning with p=5 & q=2..."
[1] "tuning with p=5 & q=3..."
[1] "tuning with p=5 & q=4..."
[1] "tuning with p=5 & q=5..."
[1] "Completed after 11.8801869511604 minutes"
[1] "Beginning model tuning for: CA1.14"
[1] "tuning with p=1 & q=1..."
[1] "tuning with p=1 & q=2..."
[1] "tuning with p=1 & q=3..."
[1] "tuning with p=1 & q=4..."
[1] "tuning with p=1 & q=5..."
[1] "tuning with p=2 & q=1..."
[1] "tuning with p=2 & q=2..."
[1] "tuning with p=2 & q=3..."
[1] "tuning with p=2 & q=4..."
[1] "tuning with p=2 & q=5..."
[1] "tuning with p=3 & q=1..."
[1] "tuning with p=3 & q=2..."
[1] "tuning with p=3 & q=3..."
[1] "tuning with p=3 & q=4..."
[1] "tuning with p=3 & q=5..."
[1] "tuning with p=4 & q=1..."
[1] "tuning with p=4 & q=2..."
[1] "tuning with p=4 & q=3..."
[1] "tuning with p=4 & q=4..."
[1] "tuning with p=4 & q=5..."
[1] "tuning with p=5 & q=1..."
[1] "tuning with p=5 & q=2..."
[1] "tuning with p=5 & q=3..."
[1] "tuning with p=5 & q=4..."
[1] "tuning with p=5 & q=5..."
[1] "Completed after 12.3770699183146 minutes"
[1] "Beginning model tuning for: CA1.15"
[1] "tuning with p=1 & q=1..."
[1] "tuning with p=1 & q=2..."
[1] "tuning with p=1 & q=3..."
[1] "tuning with p=1 & q=4..."
[1] "tuning with p=1 & q=5..."
[1] "tuning with p=2 & q=1..."
[1] "tuning with p=2 & q=2..."
[1] "tuning with p=2 & q=3..."
[1] "tuning with p=2 & q=4..."
[1] "tuning with p=2 & q=5..."
[1] "tuning with p=3 & q=1..."
[1] "tuning with p=3 & q=2..."
[1] "tuning with p=3 & q=3..."
[1] "tuning with p=3 & q=4..."
[1] "tuning with p=3 & q=5..."
[1] "tuning with p=4 & q=1..."
[1] "tuning with p=4 & q=2..."
[1] "tuning with p=4 & q=3..."
[1] "tuning with p=4 & q=4..."
[1] "tuning with p=4 & q=5..."
[1] "tuning with p=5 & q=1..."
[1] "tuning with p=5 & q=2..."
[1] "tuning with p=5 & q=3..."
[1] "tuning with p=5 & q=4..."
[1] "tuning with p=5 & q=5..."
[1] "Completed after 12.8728915651639 minutes"
[1] "Error fitting Poisson inter-region models: Error in eval(lhs, parent, parent): object 'var_select_mses' not found\n"
[1] "Fitting Poisson within-region models..."
[1] "Beginning variable selection for: CA1.1"
[1] "selecting top 1 variables..."
[1] "selecting top 2 variables..."
[1] "selecting top 3 variables..."
[1] "selecting top 4 variables..."
[1] "selecting top 5 variables..."
[1] "Completed after 0.37134420077006 minutes"
[1] "Beginning variable selection for: CA1.2"
[1] "selecting top 1 variables..."
[1] "selecting top 2 variables..."
[1] "selecting top 3 variables..."
[1] "selecting top 4 variables..."
[1] "selecting top 5 variables..."
[1] "Completed after 0.741508038838704 minutes"
[1] "Beginning variable selection for: CA1.3"
[1] "selecting top 1 variables..."
[1] "selecting top 2 variables..."
[1] "selecting top 3 variables..."
[1] "selecting top 4 variables..."
[1] "selecting top 5 variables..."
[1] "Completed after 1.11177166302999 minutes"
[1] "Beginning variable selection for: CA1.4"
[1] "selecting top 1 variables..."
[1] "selecting top 2 variables..."
[1] "selecting top 3 variables..."
[1] "selecting top 4 variables..."
[1] "selecting top 5 variables..."
[1] "Completed after 1.48073377211889 minutes"
[1] "Beginning variable selection for: CA1.5"
[1] "selecting top 1 variables..."
[1] "selecting top 2 variables..."
[1] "selecting top 3 variables..."
[1] "selecting top 4 variables..."
[1] "selecting top 5 variables..."
[1] "Completed after 1.85156101385752 minutes"
[1] "Beginning variable selection for: CA1.6"
[1] "selecting top 1 variables..."
[1] "selecting top 2 variables..."
[1] "selecting top 3 variables..."
[1] "selecting top 4 variables..."
[1] "selecting top 5 variables..."
[1] "Completed after 2.22551259994507 minutes"
[1] "Beginning variable selection for: CA1.7"
[1] "selecting top 1 variables..."
[1] "selecting top 2 variables..."
[1] "selecting top 3 variables..."
[1] "selecting top 4 variables..."
[1] "selecting top 5 variables..."
[1] "Completed after 2.5962926308314 minutes"
[1] "Beginning variable selection for: CA1.8"
[1] "selecting top 1 variables..."
[1] "selecting top 2 variables..."
[1] "selecting top 3 variables..."
[1] "selecting top 4 variables..."
[1] "selecting top 5 variables..."
[1] "Completed after 2.96795309384664 minutes"
[1] "Beginning variable selection for: CA1.9"
[1] "selecting top 1 variables..."
[1] "selecting top 2 variables..."
[1] "selecting top 3 variables..."
[1] "selecting top 4 variables..."
[1] "Model fitting error on CA1.9 (5, 6): Error in glarma(train_df[, 1], as.matrix(train_df[, -1]), phiLags = 1:p, : Fisher Scoring fails to converge from the initial estimates.\n"
[1] "Model evaluation error on CA1.9 (5, 6): Error in doTryCatch(return(expr), name, parentenv, handler): object 'model' not found\n"
[1] "selecting top 5 variables..."
[1] "Completed after 3.32893468936284 minutes"
[1] "Beginning variable selection for: CA1.10"
[1] "selecting top 1 variables..."
[1] "selecting top 2 variables..."
[1] "selecting top 3 variables..."
[1] "selecting top 4 variables..."
[1] "selecting top 5 variables..."
[1] "Completed after 3.69992473125458 minutes"
[1] "Beginning variable selection for: CA1.11"
[1] "selecting top 1 variables..."
[1] "selecting top 2 variables..."
[1] "selecting top 3 variables..."
[1] "selecting top 4 variables..."
[1] "selecting top 5 variables..."
[1] "Completed after 4.07230419317881 minutes"
[1] "Beginning variable selection for: CA1.12"
[1] "selecting top 1 variables..."
[1] "selecting top 2 variables..."
[1] "selecting top 3 variables..."
[1] "selecting top 4 variables..."
[1] "selecting top 5 variables..."
[1] "Completed after 4.44223620096842 minutes"
[1] "Beginning variable selection for: CA1.13"
[1] "selecting top 1 variables..."
[1] "selecting top 2 variables..."
[1] "selecting top 3 variables..."
[1] "selecting top 4 variables..."
[1] "selecting top 5 variables..."
[1] "Completed after 4.81131079991659 minutes"
[1] "Beginning variable selection for: CA1.14"
[1] "selecting top 1 variables..."
[1] "selecting top 2 variables..."
[1] "selecting top 3 variables..."
[1] "selecting top 4 variables..."
[1] "selecting top 5 variables..."
[1] "Completed after 5.18321789105733 minutes"
[1] "Beginning variable selection for: CA1.15"
[1] "selecting top 1 variables..."
[1] "selecting top 2 variables..."
[1] "selecting top 3 variables..."
[1] "selecting top 4 variables..."
[1] "selecting top 5 variables..."
[1] "Completed after 5.55128136475881 minutes"
[1] "Beginning model tuning for: CA1.1"
[1] "tuning with p=1 & q=1..."
[1] "tuning with p=1 & q=2..."
[1] "tuning with p=1 & q=3..."
[1] "tuning with p=1 & q=4..."
[1] "tuning with p=1 & q=5..."
[1] "tuning with p=2 & q=1..."
[1] "tuning with p=2 & q=2..."
[1] "tuning with p=2 & q=3..."
[1] "tuning with p=2 & q=4..."
[1] "tuning with p=2 & q=5..."
[1] "tuning with p=3 & q=1..."
[1] "tuning with p=3 & q=2..."
[1] "tuning with p=3 & q=3..."
[1] "tuning with p=3 & q=4..."
[1] "tuning with p=3 & q=5..."
[1] "tuning with p=4 & q=1..."
[1] "tuning with p=4 & q=2..."
[1] "tuning with p=4 & q=3..."
[1] "tuning with p=4 & q=4..."
[1] "tuning with p=4 & q=5..."
[1] "tuning with p=5 & q=1..."
[1] "tuning with p=5 & q=2..."
[1] "tuning with p=5 & q=3..."
[1] "tuning with p=5 & q=4..."
[1] "tuning with p=5 & q=5..."
[1] "Completed after 6.04887795448303 minutes"
[1] "Beginning model tuning for: CA1.2"
[1] "tuning with p=1 & q=1..."
[1] "tuning with p=1 & q=2..."
[1] "tuning with p=1 & q=3..."
[1] "tuning with p=1 & q=4..."
[1] "tuning with p=1 & q=5..."
[1] "tuning with p=2 & q=1..."
[1] "tuning with p=2 & q=2..."
[1] "tuning with p=2 & q=3..."
[1] "tuning with p=2 & q=4..."
[1] "tuning with p=2 & q=5..."
[1] "tuning with p=3 & q=1..."
[1] "tuning with p=3 & q=2..."
[1] "tuning with p=3 & q=3..."
[1] "tuning with p=3 & q=4..."
[1] "tuning with p=3 & q=5..."
[1] "tuning with p=4 & q=1..."
[1] "tuning with p=4 & q=2..."
[1] "tuning with p=4 & q=3..."
[1] "tuning with p=4 & q=4..."
[1] "tuning with p=4 & q=5..."
[1] "tuning with p=5 & q=1..."
[1] "tuning with p=5 & q=2..."
[1] "tuning with p=5 & q=3..."
[1] "tuning with p=5 & q=4..."
[1] "tuning with p=5 & q=5..."
[1] "Completed after 6.54522518316905 minutes"
[1] "Beginning model tuning for: CA1.3"
[1] "tuning with p=1 & q=1..."
[1] "tuning with p=1 & q=2..."
[1] "tuning with p=1 & q=3..."
[1] "tuning with p=1 & q=4..."
[1] "tuning with p=1 & q=5..."
[1] "tuning with p=2 & q=1..."
[1] "tuning with p=2 & q=2..."
[1] "tuning with p=2 & q=3..."
[1] "tuning with p=2 & q=4..."
[1] "tuning with p=2 & q=5..."
[1] "tuning with p=3 & q=1..."
[1] "tuning with p=3 & q=2..."
[1] "tuning with p=3 & q=3..."
[1] "tuning with p=3 & q=4..."
[1] "tuning with p=3 & q=5..."
[1] "tuning with p=4 & q=1..."
[1] "tuning with p=4 & q=2..."
[1] "tuning with p=4 & q=3..."
[1] "tuning with p=4 & q=4..."
[1] "tuning with p=4 & q=5..."
[1] "tuning with p=5 & q=1..."
[1] "tuning with p=5 & q=2..."
[1] "tuning with p=5 & q=3..."
[1] "tuning with p=5 & q=4..."
[1] "tuning with p=5 & q=5..."
[1] "Completed after 7.04307448863983 minutes"
[1] "Beginning model tuning for: CA1.4"
[1] "tuning with p=1 & q=1..."
[1] "tuning with p=1 & q=2..."
[1] "tuning with p=1 & q=3..."
[1] "tuning with p=1 & q=4..."
[1] "tuning with p=1 & q=5..."
[1] "tuning with p=2 & q=1..."
[1] "tuning with p=2 & q=2..."
[1] "tuning with p=2 & q=3..."
[1] "tuning with p=2 & q=4..."
[1] "tuning with p=2 & q=5..."
[1] "tuning with p=3 & q=1..."
[1] "tuning with p=3 & q=2..."
[1] "tuning with p=3 & q=3..."
[1] "tuning with p=3 & q=4..."
[1] "tuning with p=3 & q=5..."
[1] "tuning with p=4 & q=1..."
[1] "tuning with p=4 & q=2..."
[1] "tuning with p=4 & q=3..."
[1] "tuning with p=4 & q=4..."
[1] "tuning with p=4 & q=5..."
[1] "tuning with p=5 & q=1..."
[1] "tuning with p=5 & q=2..."
[1] "tuning with p=5 & q=3..."
[1] "tuning with p=5 & q=4..."
[1] "tuning with p=5 & q=5..."
[1] "Completed after 7.5201273282369 minutes"
[1] "Beginning model tuning for: CA1.5"
[1] "tuning with p=1 & q=1..."
[1] "tuning with p=1 & q=2..."
[1] "tuning with p=1 & q=3..."
[1] "tuning with p=1 & q=4..."
[1] "tuning with p=1 & q=5..."
[1] "tuning with p=2 & q=1..."
[1] "tuning with p=2 & q=2..."
[1] "tuning with p=2 & q=3..."
[1] "tuning with p=2 & q=4..."
[1] "tuning with p=2 & q=5..."
[1] "tuning with p=3 & q=1..."
[1] "tuning with p=3 & q=2..."
[1] "tuning with p=3 & q=3..."
[1] "tuning with p=3 & q=4..."
[1] "tuning with p=3 & q=5..."
[1] "tuning with p=4 & q=1..."
[1] "tuning with p=4 & q=2..."
[1] "tuning with p=4 & q=3..."
[1] "tuning with p=4 & q=4..."
[1] "tuning with p=4 & q=5..."
[1] "tuning with p=5 & q=1..."
[1] "tuning with p=5 & q=2..."
[1] "tuning with p=5 & q=3..."
[1] "tuning with p=5 & q=4..."
[1] "tuning with p=5 & q=5..."
[1] "Completed after 8.0174010515213 minutes"
[1] "Beginning model tuning for: CA1.6"
[1] "tuning with p=1 & q=1..."
[1] "tuning with p=1 & q=2..."
[1] "tuning with p=1 & q=3..."
[1] "tuning with p=1 & q=4..."
[1] "tuning with p=1 & q=5..."
[1] "tuning with p=2 & q=1..."
[1] "tuning with p=2 & q=2..."
[1] "tuning with p=2 & q=3..."
[1] "tuning with p=2 & q=4..."
[1] "tuning with p=2 & q=5..."
[1] "tuning with p=3 & q=1..."
[1] "tuning with p=3 & q=2..."
[1] "tuning with p=3 & q=3..."
[1] "tuning with p=3 & q=4..."
[1] "tuning with p=3 & q=5..."
[1] "tuning with p=4 & q=1..."
[1] "tuning with p=4 & q=2..."
[1] "tuning with p=4 & q=3..."
[1] "tuning with p=4 & q=4..."
[1] "tuning with p=4 & q=5..."
[1] "tuning with p=5 & q=1..."
[1] "tuning with p=5 & q=2..."
[1] "tuning with p=5 & q=3..."
[1] "tuning with p=5 & q=4..."
[1] "tuning with p=5 & q=5..."
[1] "Completed after 8.51356407403946 minutes"
[1] "Beginning model tuning for: CA1.7"
[1] "tuning with p=1 & q=1..."
[1] "tuning with p=1 & q=2..."
[1] "tuning with p=1 & q=3..."
[1] "tuning with p=1 & q=4..."
[1] "tuning with p=1 & q=5..."
[1] "tuning with p=2 & q=1..."
[1] "tuning with p=2 & q=2..."
[1] "tuning with p=2 & q=3..."
[1] "tuning with p=2 & q=4..."
[1] "tuning with p=2 & q=5..."
[1] "tuning with p=3 & q=1..."
[1] "tuning with p=3 & q=2..."
[1] "tuning with p=3 & q=3..."
[1] "tuning with p=3 & q=4..."
[1] "tuning with p=3 & q=5..."
[1] "tuning with p=4 & q=1..."
[1] "tuning with p=4 & q=2..."
[1] "tuning with p=4 & q=3..."
[1] "tuning with p=4 & q=4..."
[1] "tuning with p=4 & q=5..."
[1] "tuning with p=5 & q=1..."
[1] "tuning with p=5 & q=2..."
[1] "tuning with p=5 & q=3..."
[1] "tuning with p=5 & q=4..."
[1] "tuning with p=5 & q=5..."
[1] "Completed after 9.00660853385925 minutes"
[1] "Beginning model tuning for: CA1.8"
[1] "tuning with p=1 & q=1..."
[1] "tuning with p=1 & q=2..."
[1] "tuning with p=1 & q=3..."
[1] "tuning with p=1 & q=4..."
[1] "tuning with p=1 & q=5..."
[1] "tuning with p=2 & q=1..."
[1] "tuning with p=2 & q=2..."
[1] "tuning with p=2 & q=3..."
[1] "tuning with p=2 & q=4..."
[1] "tuning with p=2 & q=5..."
[1] "tuning with p=3 & q=1..."
[1] "tuning with p=3 & q=2..."
[1] "tuning with p=3 & q=3..."
[1] "tuning with p=3 & q=4..."
[1] "tuning with p=3 & q=5..."
[1] "tuning with p=4 & q=1..."
[1] "tuning with p=4 & q=2..."
[1] "tuning with p=4 & q=3..."
[1] "tuning with p=4 & q=4..."
[1] "tuning with p=4 & q=5..."
[1] "tuning with p=5 & q=1..."
[1] "tuning with p=5 & q=2..."
[1] "tuning with p=5 & q=3..."
[1] "tuning with p=5 & q=4..."
[1] "tuning with p=5 & q=5..."
[1] "Completed after 9.5024823307991 minutes"
[1] "Beginning model tuning for: CA1.9"
[1] "tuning with p=1 & q=1..."
[1] "tuning with p=1 & q=2..."
[1] "tuning with p=1 & q=3..."
[1] "tuning with p=1 & q=4..."
[1] "tuning with p=1 & q=5..."
[1] "tuning with p=2 & q=1..."
[1] "tuning with p=2 & q=2..."
[1] "tuning with p=2 & q=3..."
[1] "tuning with p=2 & q=4..."
[1] "tuning with p=2 & q=5..."
[1] "tuning with p=3 & q=1..."
[1] "tuning with p=3 & q=2..."
[1] "tuning with p=3 & q=3..."
[1] "tuning with p=3 & q=4..."
[1] "tuning with p=3 & q=5..."
[1] "tuning with p=4 & q=1..."
[1] "tuning with p=4 & q=2..."
[1] "tuning with p=4 & q=3..."
[1] "tuning with p=4 & q=4..."
[1] "tuning with p=4 & q=5..."
[1] "tuning with p=5 & q=1..."
[1] "tuning with p=5 & q=2..."
[1] "tuning with p=5 & q=3..."
[1] "tuning with p=5 & q=4..."
[1] "tuning with p=5 & q=5..."
[1] "Completed after 9.99878674348195 minutes"
[1] "Beginning model tuning for: CA1.10"
[1] "tuning with p=1 & q=1..."
[1] "tuning with p=1 & q=2..."
[1] "tuning with p=1 & q=3..."
[1] "tuning with p=1 & q=4..."
[1] "tuning with p=1 & q=5..."
[1] "tuning with p=2 & q=1..."
[1] "tuning with p=2 & q=2..."
[1] "tuning with p=2 & q=3..."
[1] "tuning with p=2 & q=4..."
[1] "tuning with p=2 & q=5..."
[1] "tuning with p=3 & q=1..."
[1] "tuning with p=3 & q=2..."
[1] "tuning with p=3 & q=3..."
[1] "tuning with p=3 & q=4..."
[1] "tuning with p=3 & q=5..."
[1] "tuning with p=4 & q=1..."
[1] "tuning with p=4 & q=2..."
[1] "tuning with p=4 & q=3..."
[1] "tuning with p=4 & q=4..."
[1] "tuning with p=4 & q=5..."
[1] "tuning with p=5 & q=1..."
[1] "tuning with p=5 & q=2..."
[1] "tuning with p=5 & q=3..."
[1] "tuning with p=5 & q=4..."
[1] "tuning with p=5 & q=5..."
[1] "Completed after 10.4964418768883 minutes"
[1] "Beginning model tuning for: CA1.11"
[1] "tuning with p=1 & q=1..."
[1] "tuning with p=1 & q=2..."
[1] "tuning with p=1 & q=3..."
[1] "tuning with p=1 & q=4..."
[1] "tuning with p=1 & q=5..."
[1] "tuning with p=2 & q=1..."
[1] "tuning with p=2 & q=2..."
[1] "tuning with p=2 & q=3..."
[1] "tuning with p=2 & q=4..."
[1] "tuning with p=2 & q=5..."
[1] "tuning with p=3 & q=1..."
[1] "tuning with p=3 & q=2..."
[1] "tuning with p=3 & q=3..."
[1] "tuning with p=3 & q=4..."
[1] "tuning with p=3 & q=5..."
[1] "tuning with p=4 & q=1..."
[1] "tuning with p=4 & q=2..."
[1] "tuning with p=4 & q=3..."
[1] "tuning with p=4 & q=4..."
[1] "tuning with p=4 & q=5..."
[1] "tuning with p=5 & q=1..."
[1] "tuning with p=5 & q=2..."
[1] "tuning with p=5 & q=3..."
[1] "tuning with p=5 & q=4..."
[1] "tuning with p=5 & q=5..."
[1] "Completed after 10.9918188532193 minutes"
[1] "Beginning model tuning for: CA1.12"
[1] "tuning with p=1 & q=1..."
[1] "tuning with p=1 & q=2..."
[1] "tuning with p=1 & q=3..."
[1] "tuning with p=1 & q=4..."
[1] "tuning with p=1 & q=5..."
[1] "tuning with p=2 & q=1..."
[1] "tuning with p=2 & q=2..."
[1] "tuning with p=2 & q=3..."
[1] "tuning with p=2 & q=4..."
[1] "tuning with p=2 & q=5..."
[1] "tuning with p=3 & q=1..."
[1] "tuning with p=3 & q=2..."
[1] "tuning with p=3 & q=3..."
[1] "tuning with p=3 & q=4..."
[1] "tuning with p=3 & q=5..."
[1] "tuning with p=4 & q=1..."
[1] "tuning with p=4 & q=2..."
[1] "tuning with p=4 & q=3..."
[1] "tuning with p=4 & q=4..."
[1] "tuning with p=4 & q=5..."
[1] "tuning with p=5 & q=1..."
[1] "tuning with p=5 & q=2..."
[1] "tuning with p=5 & q=3..."
[1] "tuning with p=5 & q=4..."
[1] "tuning with p=5 & q=5..."
[1] "Completed after 11.4851106921832 minutes"
[1] "Beginning model tuning for: CA1.13"
[1] "tuning with p=1 & q=1..."
[1] "tuning with p=1 & q=2..."
[1] "tuning with p=1 & q=3..."
[1] "tuning with p=1 & q=4..."
[1] "tuning with p=1 & q=5..."
[1] "tuning with p=2 & q=1..."
[1] "tuning with p=2 & q=2..."
[1] "tuning with p=2 & q=3..."
[1] "tuning with p=2 & q=4..."
[1] "tuning with p=2 & q=5..."
[1] "tuning with p=3 & q=1..."
[1] "tuning with p=3 & q=2..."
[1] "tuning with p=3 & q=3..."
[1] "tuning with p=3 & q=4..."
[1] "tuning with p=3 & q=5..."
[1] "tuning with p=4 & q=1..."
[1] "tuning with p=4 & q=2..."
[1] "tuning with p=4 & q=3..."
[1] "tuning with p=4 & q=4..."
[1] "tuning with p=4 & q=5..."
[1] "tuning with p=5 & q=1..."
[1] "tuning with p=5 & q=2..."
[1] "tuning with p=5 & q=3..."
[1] "tuning with p=5 & q=4..."
[1] "tuning with p=5 & q=5..."
[1] "Completed after 11.982342394193 minutes"
[1] "Beginning model tuning for: CA1.14"
[1] "tuning with p=1 & q=1..."
[1] "tuning with p=1 & q=2..."
[1] "tuning with p=1 & q=3..."
[1] "tuning with p=1 & q=4..."
[1] "tuning with p=1 & q=5..."
[1] "tuning with p=2 & q=1..."
[1] "tuning with p=2 & q=2..."
[1] "tuning with p=2 & q=3..."
[1] "tuning with p=2 & q=4..."
[1] "tuning with p=2 & q=5..."
[1] "tuning with p=3 & q=1..."
[1] "tuning with p=3 & q=2..."
[1] "tuning with p=3 & q=3..."
[1] "tuning with p=3 & q=4..."
[1] "tuning with p=3 & q=5..."
[1] "tuning with p=4 & q=1..."
[1] "tuning with p=4 & q=2..."
[1] "tuning with p=4 & q=3..."
[1] "tuning with p=4 & q=4..."
[1] "tuning with p=4 & q=5..."
[1] "tuning with p=5 & q=1..."
[1] "tuning with p=5 & q=2..."
[1] "tuning with p=5 & q=3..."
[1] "tuning with p=5 & q=4..."
[1] "tuning with p=5 & q=5..."
[1] "Completed after 12.4663574655851 minutes"
[1] "Beginning model tuning for: CA1.15"
[1] "tuning with p=1 & q=1..."
[1] "tuning with p=1 & q=2..."
[1] "tuning with p=1 & q=3..."
[1] "tuning with p=1 & q=4..."
[1] "tuning with p=1 & q=5..."
[1] "tuning with p=2 & q=1..."
[1] "tuning with p=2 & q=2..."
[1] "tuning with p=2 & q=3..."
[1] "tuning with p=2 & q=4..."
[1] "tuning with p=2 & q=5..."
[1] "tuning with p=3 & q=1..."
[1] "tuning with p=3 & q=2..."
[1] "tuning with p=3 & q=3..."
[1] "tuning with p=3 & q=4..."
[1] "tuning with p=3 & q=5..."
[1] "tuning with p=4 & q=1..."
[1] "tuning with p=4 & q=2..."
[1] "tuning with p=4 & q=3..."
[1] "tuning with p=4 & q=4..."
[1] "tuning with p=4 & q=5..."
[1] "tuning with p=5 & q=1..."
[1] "tuning with p=5 & q=2..."
[1] "tuning with p=5 & q=3..."
[1] "tuning with p=5 & q=4..."
[1] "tuning with p=5 & q=5..."
[1] "Completed after 12.9624364972115 minutes"
[1] "Error fitting Poisson within-region models: Error in eval(lhs, parent, parent): object 'var_select_mses' not found\n"
[1] "Fitting Negative Binomial inter-region models..."
[1] "Beginning variable selection for: CA1.1"
[1] "Model fitting error for CA1.1 full model: Error in GL$cov %*% GL$ll.d: requires numeric/complex matrix/vector arguments\n"
[1] "Model evaluation error for CA1.1 full model: Error in summary(model): object 'model' not found\n"
[1] "Error fitting Negative Binomial inter-region models: Error in var_select(5, start, dist, type): object 'full_model_select' not found\n"
[1] "Fitting Negative Binomial within-region models..."
[1] "Beginning variable selection for: CA1.1"
[1] "Model fitting error for CA1.1 full model: Error in GL$cov %*% GL$ll.d: requires numeric/complex matrix/vector arguments\n"
[1] "Model evaluation error for CA1.1 full model: Error in summary(model): object 'model' not found\n"
[1] "Error fitting Negative Binomial within-region models: Error in var_select(5, start, dist, type): object 'full_model_select' not found\n"
