[1] "Fitting Poisson inter-region models..."
[1] "Beginning variable selection for: CA1.1"
[1] "selecting top 1 variables..."
[1] "selecting top 2 variables..."
[1] "selecting top 3 variables..."
[1] "selecting top 4 variables..."
[1] "selecting top 5 variables..."
[1] "Completed after 0.387304401397705 minutes"
[1] "Beginning variable selection for: CA1.2"
[1] "selecting top 1 variables..."
[1] "selecting top 2 variables..."
[1] "selecting top 3 variables..."
[1] "selecting top 4 variables..."
[1] "selecting top 5 variables..."
[1] "Completed after 0.752578087647756 minutes"
[1] "Beginning variable selection for: CA1.3"
[1] "selecting top 1 variables..."
[1] "selecting top 2 variables..."
[1] "selecting top 3 variables..."
[1] "selecting top 4 variables..."
[1] "selecting top 5 variables..."
[1] "Completed after 1.11582576036453 minutes"
[1] "Beginning variable selection for: CA1.4"
[1] "selecting top 1 variables..."
[1] "selecting top 2 variables..."
[1] "selecting top 3 variables..."
[1] "selecting top 4 variables..."
[1] "selecting top 5 variables..."
[1] "Completed after 1.47923911809921 minutes"
[1] "Beginning variable selection for: CA1.5"
[1] "selecting top 1 variables..."
[1] "selecting top 2 variables..."
[1] "selecting top 3 variables..."
[1] "selecting top 4 variables..."
[1] "selecting top 5 variables..."
[1] "Completed after 1.84314247369766 minutes"
[1] "Beginning variable selection for: CA1.6"
[1] "selecting top 1 variables..."
[1] "selecting top 2 variables..."
[1] "selecting top 3 variables..."
[1] "selecting top 4 variables..."
[1] "selecting top 5 variables..."
[1] "Completed after 2.20695745150248 minutes"
[1] "Beginning variable selection for: CA1.7"
[1] "selecting top 1 variables..."
[1] "selecting top 2 variables..."
[1] "selecting top 3 variables..."
[1] "selecting top 4 variables..."
[1] "selecting top 5 variables..."
[1] "Completed after 2.57109142144521 minutes"
[1] "Beginning variable selection for: CA1.8"
[1] "selecting top 1 variables..."
[1] "selecting top 2 variables..."
[1] "selecting top 3 variables..."
[1] "selecting top 4 variables..."
[1] "selecting top 5 variables..."
[1] "Completed after 2.93354487021764 minutes"
[1] "Beginning variable selection for: CA1.9"
[1] "Model fitting error for CA1.9 full model: Error in glarma(train_df[, 1], as.matrix(train_df[, -1]), phiLags = 1:5, : Fisher Scoring fails to converge from the initial estimates.\n"
[1] "selecting top 1 variables..."
[1] "selecting top 2 variables..."
[1] "Model fitting error on CA1.9 (5, 6): Error in GL$cov %*% GL$ll.d: requires numeric/complex matrix/vector arguments\n"
[1] "Model evaluation error on CA1.9 (5, 6): Error in doTryCatch(return(expr), name, parentenv, handler): object 'model' not found\n"
[1] "selecting top 3 variables..."
[1] "Model fitting error on CA1.9 (5, 6): Error in glarma(train_df[, 1], as.matrix(train_df[, -1]), phiLags = 1:p, : Fisher Scoring fails to converge from the initial estimates.\n"
[1] "Model evaluation error on CA1.9 (5, 6): Error in doTryCatch(return(expr), name, parentenv, handler): object 'model' not found\n"
[1] "Model fitting error on CA1.9 (5, 6): Error in glarma(train_df[, 1], as.matrix(train_df[, -1]), phiLags = 1:p, : Fisher Scoring fails to converge from the initial estimates.\n"
[1] "selecting top 4 variables..."
[1] "Model fitting error on CA1.9 (5, 6): Error in glarma(train_df[, 1], as.matrix(train_df[, -1]), phiLags = 1:p, : Fisher Scoring fails to converge from the initial estimates.\n"
[1] "Model evaluation error on CA1.9 (5, 6): Error in doTryCatch(return(expr), name, parentenv, handler): object 'model' not found\n"
[1] "Model fitting error on CA1.9 (5, 6): Error in GL$cov %*% GL$ll.d: requires numeric/complex matrix/vector arguments\n"
[1] "selecting top 5 variables..."
[1] "Model fitting error on CA1.9 (5, 6): Error in glarma(train_df[, 1], as.matrix(train_df[, -1]), phiLags = 1:p, : Fisher Scoring fails to converge from the initial estimates.\n"
[1] "Model evaluation error on CA1.9 (5, 6): Error in doTryCatch(return(expr), name, parentenv, handler): object 'model' not found\n"
[1] "Model fitting error on CA1.9 (5, 6): Error in glarma(train_df[, 1], as.matrix(train_df[, -1]), phiLags = 1:p, : Fisher Scoring fails to converge from the initial estimates.\n"
[1] "Completed after 3.22412180105845 minutes"
[1] "Beginning variable selection for: CA1.10"
[1] "selecting top 1 variables..."
[1] "selecting top 2 variables..."
[1] "selecting top 3 variables..."
[1] "selecting top 4 variables..."
[1] "selecting top 5 variables..."
[1] "Completed after 3.5872665643692 minutes"
[1] "Beginning variable selection for: CA1.11"
[1] "selecting top 1 variables..."
[1] "selecting top 2 variables..."
[1] "selecting top 3 variables..."
[1] "selecting top 4 variables..."
[1] "selecting top 5 variables..."
[1] "Completed after 3.95047599871953 minutes"
[1] "Beginning variable selection for: CA1.12"
[1] "selecting top 1 variables..."
[1] "selecting top 2 variables..."
[1] "selecting top 3 variables..."
[1] "selecting top 4 variables..."
[1] "selecting top 5 variables..."
[1] "Completed after 4.31805058717728 minutes"
[1] "Beginning variable selection for: CA1.13"
[1] "selecting top 1 variables..."
[1] "selecting top 2 variables..."
[1] "selecting top 3 variables..."
[1] "selecting top 4 variables..."
[1] "selecting top 5 variables..."
[1] "Completed after 4.68314466079076 minutes"
[1] "Beginning variable selection for: CA1.14"
[1] "selecting top 1 variables..."
[1] "selecting top 2 variables..."
[1] "selecting top 3 variables..."
[1] "selecting top 4 variables..."
[1] "selecting top 5 variables..."
[1] "Completed after 5.04722977876663 minutes"
[1] "Beginning variable selection for: CA1.15"
[1] "selecting top 1 variables..."
[1] "selecting top 2 variables..."
[1] "selecting top 3 variables..."
[1] "selecting top 4 variables..."
[1] "selecting top 5 variables..."
[1] "Completed after 5.41244109471639 minutes"
[1] "Beginning model tuning for: CA1.1"
[1] "tuning with p=1 & q=1..."
[1] "tuning with p=1 & q=2..."
[1] "tuning with p=1 & q=3..."
[1] "tuning with p=1 & q=4..."
[1] "tuning with p=1 & q=5..."
[1] "tuning with p=1 & q=6..."
[1] "tuning with p=2 & q=1..."
[1] "tuning with p=2 & q=2..."
[1] "tuning with p=2 & q=3..."
[1] "tuning with p=2 & q=4..."
[1] "tuning with p=2 & q=5..."
[1] "tuning with p=2 & q=6..."
[1] "tuning with p=3 & q=1..."
[1] "tuning with p=3 & q=2..."
[1] "tuning with p=3 & q=3..."
[1] "tuning with p=3 & q=4..."
[1] "tuning with p=3 & q=5..."
[1] "tuning with p=3 & q=6..."
[1] "tuning with p=4 & q=1..."
[1] "tuning with p=4 & q=2..."
[1] "tuning with p=4 & q=3..."
[1] "tuning with p=4 & q=4..."
[1] "tuning with p=4 & q=5..."
[1] "tuning with p=4 & q=6..."
[1] "tuning with p=5 & q=1..."
[1] "tuning with p=5 & q=2..."
[1] "tuning with p=5 & q=3..."
[1] "tuning with p=5 & q=4..."
[1] "tuning with p=5 & q=5..."
[1] "tuning with p=5 & q=6..."
[1] "Completed after 6.14459337790807 minutes"
[1] "Beginning model tuning for: CA1.2"
[1] "tuning with p=1 & q=1..."
[1] "tuning with p=1 & q=2..."
[1] "tuning with p=1 & q=3..."
[1] "tuning with p=1 & q=4..."
[1] "tuning with p=1 & q=5..."
[1] "tuning with p=1 & q=6..."
[1] "tuning with p=2 & q=1..."
[1] "tuning with p=2 & q=2..."
[1] "tuning with p=2 & q=3..."
[1] "tuning with p=2 & q=4..."
[1] "tuning with p=2 & q=5..."
[1] "tuning with p=2 & q=6..."
[1] "tuning with p=3 & q=1..."
[1] "tuning with p=3 & q=2..."
[1] "tuning with p=3 & q=3..."
[1] "tuning with p=3 & q=4..."
[1] "tuning with p=3 & q=5..."
[1] "tuning with p=3 & q=6..."
[1] "tuning with p=4 & q=1..."
[1] "tuning with p=4 & q=2..."
[1] "tuning with p=4 & q=3..."
[1] "tuning with p=4 & q=4..."
[1] "tuning with p=4 & q=5..."
[1] "tuning with p=4 & q=6..."
[1] "tuning with p=5 & q=1..."
[1] "tuning with p=5 & q=2..."
[1] "tuning with p=5 & q=3..."
[1] "tuning with p=5 & q=4..."
[1] "tuning with p=5 & q=5..."
[1] "tuning with p=5 & q=6..."
[1] "Completed after 6.88343595663706 minutes"
[1] "Beginning model tuning for: CA1.3"
[1] "tuning with p=1 & q=1..."
[1] "tuning with p=1 & q=2..."
[1] "tuning with p=1 & q=3..."
[1] "tuning with p=1 & q=4..."
[1] "tuning with p=1 & q=5..."
[1] "tuning with p=1 & q=6..."
[1] "tuning with p=2 & q=1..."
[1] "tuning with p=2 & q=2..."
[1] "tuning with p=2 & q=3..."
[1] "tuning with p=2 & q=4..."
[1] "tuning with p=2 & q=5..."
[1] "tuning with p=2 & q=6..."
[1] "tuning with p=3 & q=1..."
[1] "tuning with p=3 & q=2..."
[1] "tuning with p=3 & q=3..."
[1] "tuning with p=3 & q=4..."
[1] "tuning with p=3 & q=5..."
[1] "tuning with p=3 & q=6..."
[1] "tuning with p=4 & q=1..."
[1] "tuning with p=4 & q=2..."
[1] "tuning with p=4 & q=3..."
[1] "tuning with p=4 & q=4..."
[1] "tuning with p=4 & q=5..."
[1] "tuning with p=4 & q=6..."
[1] "tuning with p=5 & q=1..."
[1] "tuning with p=5 & q=2..."
[1] "tuning with p=5 & q=3..."
[1] "tuning with p=5 & q=4..."
[1] "tuning with p=5 & q=5..."
[1] "tuning with p=5 & q=6..."
[1] "Completed after 7.64315987030665 minutes"
[1] "Beginning model tuning for: CA1.4"
[1] "tuning with p=1 & q=1..."
[1] "tuning with p=1 & q=2..."
[1] "tuning with p=1 & q=3..."
[1] "tuning with p=1 & q=4..."
[1] "tuning with p=1 & q=5..."
[1] "tuning with p=1 & q=6..."
[1] "tuning with p=2 & q=1..."
[1] "tuning with p=2 & q=2..."
[1] "tuning with p=2 & q=3..."
[1] "tuning with p=2 & q=4..."
[1] "tuning with p=2 & q=5..."
[1] "tuning with p=2 & q=6..."
[1] "tuning with p=3 & q=1..."
[1] "tuning with p=3 & q=2..."
[1] "tuning with p=3 & q=3..."
[1] "tuning with p=3 & q=4..."
[1] "tuning with p=3 & q=5..."
[1] "tuning with p=3 & q=6..."
[1] "tuning with p=4 & q=1..."
[1] "tuning with p=4 & q=2..."
[1] "tuning with p=4 & q=3..."
[1] "tuning with p=4 & q=4..."
[1] "tuning with p=4 & q=5..."
[1] "tuning with p=4 & q=6..."
[1] "tuning with p=5 & q=1..."
[1] "tuning with p=5 & q=2..."
[1] "tuning with p=5 & q=3..."
[1] "tuning with p=5 & q=4..."
[1] "tuning with p=5 & q=5..."
[1] "tuning with p=5 & q=6..."
[1] "Completed after 8.37157144149145 minutes"
[1] "Beginning model tuning for: CA1.5"
[1] "tuning with p=1 & q=1..."
[1] "tuning with p=1 & q=2..."
[1] "tuning with p=1 & q=3..."
[1] "tuning with p=1 & q=4..."
[1] "tuning with p=1 & q=5..."
[1] "tuning with p=1 & q=6..."
[1] "tuning with p=2 & q=1..."
[1] "tuning with p=2 & q=2..."
[1] "tuning with p=2 & q=3..."
[1] "tuning with p=2 & q=4..."
[1] "tuning with p=2 & q=5..."
[1] "tuning with p=2 & q=6..."
[1] "tuning with p=3 & q=1..."
[1] "tuning with p=3 & q=2..."
[1] "tuning with p=3 & q=3..."
[1] "tuning with p=3 & q=4..."
[1] "tuning with p=3 & q=5..."
[1] "tuning with p=3 & q=6..."
[1] "tuning with p=4 & q=1..."
[1] "tuning with p=4 & q=2..."
[1] "tuning with p=4 & q=3..."
[1] "tuning with p=4 & q=4..."
[1] "tuning with p=4 & q=5..."
[1] "tuning with p=4 & q=6..."
[1] "tuning with p=5 & q=1..."
[1] "tuning with p=5 & q=2..."
[1] "tuning with p=5 & q=3..."
[1] "tuning with p=5 & q=4..."
[1] "tuning with p=5 & q=5..."
[1] "tuning with p=5 & q=6..."
[1] "Completed after 9.13211011091868 minutes"
[1] "Beginning model tuning for: CA1.6"
[1] "tuning with p=1 & q=1..."
[1] "tuning with p=1 & q=2..."
[1] "tuning with p=1 & q=3..."
[1] "tuning with p=1 & q=4..."
[1] "tuning with p=1 & q=5..."
[1] "tuning with p=1 & q=6..."
[1] "tuning with p=2 & q=1..."
[1] "tuning with p=2 & q=2..."
[1] "tuning with p=2 & q=3..."
[1] "tuning with p=2 & q=4..."
[1] "tuning with p=2 & q=5..."
[1] "tuning with p=2 & q=6..."
[1] "tuning with p=3 & q=1..."
[1] "tuning with p=3 & q=2..."
[1] "tuning with p=3 & q=3..."
[1] "tuning with p=3 & q=4..."
[1] "tuning with p=3 & q=5..."
[1] "tuning with p=3 & q=6..."
[1] "tuning with p=4 & q=1..."
[1] "tuning with p=4 & q=2..."
[1] "tuning with p=4 & q=3..."
[1] "tuning with p=4 & q=4..."
[1] "tuning with p=4 & q=5..."
[1] "tuning with p=4 & q=6..."
[1] "tuning with p=5 & q=1..."
[1] "tuning with p=5 & q=2..."
[1] "tuning with p=5 & q=3..."
[1] "tuning with p=5 & q=4..."
[1] "tuning with p=5 & q=5..."
[1] "tuning with p=5 & q=6..."
[1] "Completed after 9.89077363411585 minutes"
[1] "Beginning model tuning for: CA1.7"
[1] "tuning with p=1 & q=1..."
[1] "tuning with p=1 & q=2..."
[1] "tuning with p=1 & q=3..."
[1] "tuning with p=1 & q=4..."
[1] "tuning with p=1 & q=5..."
[1] "tuning with p=1 & q=6..."
[1] "tuning with p=2 & q=1..."
[1] "tuning with p=2 & q=2..."
[1] "tuning with p=2 & q=3..."
[1] "tuning with p=2 & q=4..."
[1] "tuning with p=2 & q=5..."
[1] "tuning with p=2 & q=6..."
[1] "tuning with p=3 & q=1..."
[1] "tuning with p=3 & q=2..."
[1] "tuning with p=3 & q=3..."
[1] "tuning with p=3 & q=4..."
[1] "tuning with p=3 & q=5..."
[1] "tuning with p=3 & q=6..."
[1] "tuning with p=4 & q=1..."
[1] "tuning with p=4 & q=2..."
[1] "tuning with p=4 & q=3..."
[1] "tuning with p=4 & q=4..."
[1] "tuning with p=4 & q=5..."
[1] "tuning with p=4 & q=6..."
[1] "tuning with p=5 & q=1..."
[1] "tuning with p=5 & q=2..."
[1] "tuning with p=5 & q=3..."
[1] "tuning with p=5 & q=4..."
[1] "tuning with p=5 & q=5..."
[1] "tuning with p=5 & q=6..."
[1] "Completed after 10.6502060572306 minutes"
[1] "Beginning model tuning for: CA1.8"
[1] "tuning with p=1 & q=1..."
[1] "tuning with p=1 & q=2..."
[1] "tuning with p=1 & q=3..."
[1] "tuning with p=1 & q=4..."
[1] "tuning with p=1 & q=5..."
[1] "tuning with p=1 & q=6..."
[1] "tuning with p=2 & q=1..."
[1] "tuning with p=2 & q=2..."
[1] "tuning with p=2 & q=3..."
[1] "tuning with p=2 & q=4..."
[1] "tuning with p=2 & q=5..."
[1] "tuning with p=2 & q=6..."
[1] "tuning with p=3 & q=1..."
[1] "tuning with p=3 & q=2..."
[1] "tuning with p=3 & q=3..."
[1] "tuning with p=3 & q=4..."
[1] "tuning with p=3 & q=5..."
[1] "tuning with p=3 & q=6..."
[1] "tuning with p=4 & q=1..."
[1] "tuning with p=4 & q=2..."
[1] "tuning with p=4 & q=3..."
[1] "tuning with p=4 & q=4..."
[1] "tuning with p=4 & q=5..."
[1] "tuning with p=4 & q=6..."
[1] "tuning with p=5 & q=1..."
[1] "tuning with p=5 & q=2..."
[1] "tuning with p=5 & q=3..."
[1] "tuning with p=5 & q=4..."
[1] "tuning with p=5 & q=5..."
[1] "tuning with p=5 & q=6..."
[1] "Completed after 11.4098239779472 minutes"
[1] "Beginning model tuning for: CA1.9"
[1] "tuning with p=1 & q=1..."
[1] "tuning with p=1 & q=2..."
[1] "tuning with p=1 & q=3..."
[1] "tuning with p=1 & q=4..."
[1] "tuning with p=1 & q=5..."
[1] "tuning with p=1 & q=6..."
[1] "tuning with p=2 & q=1..."
[1] "tuning with p=2 & q=2..."
[1] "tuning with p=2 & q=3..."
[1] "tuning with p=2 & q=4..."
[1] "tuning with p=2 & q=5..."
[1] "tuning with p=2 & q=6..."
[1] "tuning with p=3 & q=1..."
[1] "tuning with p=3 & q=2..."
[1] "tuning with p=3 & q=3..."
[1] "tuning with p=3 & q=4..."
[1] "tuning with p=3 & q=5..."
[1] "tuning with p=3 & q=6..."
[1] "tuning with p=4 & q=1..."
[1] "tuning with p=4 & q=2..."
[1] "tuning with p=4 & q=3..."
[1] "tuning with p=4 & q=4..."
[1] "tuning with p=4 & q=5..."
[1] "tuning with p=4 & q=6..."
[1] "Model fitting error on CA1.9 (4, 6): Error in glarma(train_df[, 1], as.matrix(train_df[, -1]), phiLags = 1:p, : Fisher Scoring fails to converge from the initial estimates.\n"
[1] "tuning with p=5 & q=1..."
[1] "tuning with p=5 & q=2..."
[1] "tuning with p=5 & q=3..."
[1] "tuning with p=5 & q=4..."
[1] "tuning with p=5 & q=5..."
[1] "tuning with p=5 & q=6..."
[1] "Completed after 12.131657854716 minutes"
[1] "Beginning model tuning for: CA1.10"
[1] "tuning with p=1 & q=1..."
[1] "tuning with p=1 & q=2..."
[1] "tuning with p=1 & q=3..."
[1] "tuning with p=1 & q=4..."
[1] "tuning with p=1 & q=5..."
[1] "tuning with p=1 & q=6..."
[1] "tuning with p=2 & q=1..."
[1] "tuning with p=2 & q=2..."
[1] "tuning with p=2 & q=3..."
[1] "tuning with p=2 & q=4..."
[1] "tuning with p=2 & q=5..."
[1] "tuning with p=2 & q=6..."
[1] "tuning with p=3 & q=1..."
[1] "tuning with p=3 & q=2..."
[1] "tuning with p=3 & q=3..."
[1] "tuning with p=3 & q=4..."
[1] "tuning with p=3 & q=5..."
[1] "tuning with p=3 & q=6..."
[1] "tuning with p=4 & q=1..."
[1] "tuning with p=4 & q=2..."
[1] "tuning with p=4 & q=3..."
[1] "tuning with p=4 & q=4..."
[1] "tuning with p=4 & q=5..."
[1] "tuning with p=4 & q=6..."
[1] "tuning with p=5 & q=1..."
[1] "tuning with p=5 & q=2..."
[1] "tuning with p=5 & q=3..."
[1] "tuning with p=5 & q=4..."
[1] "tuning with p=5 & q=5..."
[1] "tuning with p=5 & q=6..."
[1] "Completed after 12.8899296522141 minutes"
[1] "Beginning model tuning for: CA1.11"
[1] "tuning with p=1 & q=1..."
[1] "tuning with p=1 & q=2..."
[1] "tuning with p=1 & q=3..."
[1] "tuning with p=1 & q=4..."
[1] "tuning with p=1 & q=5..."
[1] "tuning with p=1 & q=6..."
[1] "tuning with p=2 & q=1..."
[1] "tuning with p=2 & q=2..."
[1] "tuning with p=2 & q=3..."
[1] "tuning with p=2 & q=4..."
[1] "tuning with p=2 & q=5..."
[1] "tuning with p=2 & q=6..."
[1] "tuning with p=3 & q=1..."
[1] "tuning with p=3 & q=2..."
[1] "tuning with p=3 & q=3..."
[1] "tuning with p=3 & q=4..."
[1] "tuning with p=3 & q=5..."
[1] "tuning with p=3 & q=6..."
[1] "tuning with p=4 & q=1..."
[1] "tuning with p=4 & q=2..."
[1] "tuning with p=4 & q=3..."
[1] "tuning with p=4 & q=4..."
[1] "tuning with p=4 & q=5..."
[1] "tuning with p=4 & q=6..."
[1] "tuning with p=5 & q=1..."
[1] "tuning with p=5 & q=2..."
[1] "tuning with p=5 & q=3..."
[1] "tuning with p=5 & q=4..."
[1] "tuning with p=5 & q=5..."
[1] "tuning with p=5 & q=6..."
[1] "Completed after 13.6416638652484 minutes"
[1] "Beginning model tuning for: CA1.12"
[1] "tuning with p=1 & q=1..."
[1] "tuning with p=1 & q=2..."
[1] "tuning with p=1 & q=3..."
[1] "tuning with p=1 & q=4..."
[1] "tuning with p=1 & q=5..."
[1] "tuning with p=1 & q=6..."
[1] "tuning with p=2 & q=1..."
[1] "tuning with p=2 & q=2..."
[1] "tuning with p=2 & q=3..."
[1] "tuning with p=2 & q=4..."
[1] "tuning with p=2 & q=5..."
[1] "tuning with p=2 & q=6..."
[1] "tuning with p=3 & q=1..."
[1] "tuning with p=3 & q=2..."
[1] "tuning with p=3 & q=3..."
[1] "tuning with p=3 & q=4..."
[1] "tuning with p=3 & q=5..."
[1] "tuning with p=3 & q=6..."
[1] "tuning with p=4 & q=1..."
[1] "tuning with p=4 & q=2..."
[1] "tuning with p=4 & q=3..."
[1] "tuning with p=4 & q=4..."
[1] "tuning with p=4 & q=5..."
[1] "tuning with p=4 & q=6..."
[1] "tuning with p=5 & q=1..."
[1] "tuning with p=5 & q=2..."
[1] "tuning with p=5 & q=3..."
[1] "tuning with p=5 & q=4..."
[1] "tuning with p=5 & q=5..."
[1] "tuning with p=5 & q=6..."
[1] "Completed after 14.3945124785105 minutes"
[1] "Beginning model tuning for: CA1.13"
[1] "tuning with p=1 & q=1..."
[1] "tuning with p=1 & q=2..."
[1] "tuning with p=1 & q=3..."
[1] "tuning with p=1 & q=4..."
[1] "tuning with p=1 & q=5..."
[1] "tuning with p=1 & q=6..."
[1] "tuning with p=2 & q=1..."
[1] "tuning with p=2 & q=2..."
[1] "tuning with p=2 & q=3..."
[1] "tuning with p=2 & q=4..."
[1] "tuning with p=2 & q=5..."
[1] "tuning with p=2 & q=6..."
[1] "tuning with p=3 & q=1..."
[1] "tuning with p=3 & q=2..."
[1] "tuning with p=3 & q=3..."
[1] "tuning with p=3 & q=4..."
[1] "tuning with p=3 & q=5..."
[1] "tuning with p=3 & q=6..."
[1] "tuning with p=4 & q=1..."
[1] "tuning with p=4 & q=2..."
[1] "tuning with p=4 & q=3..."
[1] "tuning with p=4 & q=4..."
[1] "tuning with p=4 & q=5..."
[1] "tuning with p=4 & q=6..."
[1] "tuning with p=5 & q=1..."
[1] "tuning with p=5 & q=2..."
[1] "tuning with p=5 & q=3..."
[1] "tuning with p=5 & q=4..."
[1] "tuning with p=5 & q=5..."
[1] "tuning with p=5 & q=6..."
[1] "Completed after 15.1550046205521 minutes"
[1] "Beginning model tuning for: CA1.14"
[1] "tuning with p=1 & q=1..."
[1] "tuning with p=1 & q=2..."
[1] "tuning with p=1 & q=3..."
[1] "tuning with p=1 & q=4..."
[1] "tuning with p=1 & q=5..."
[1] "tuning with p=1 & q=6..."
[1] "tuning with p=2 & q=1..."
[1] "tuning with p=2 & q=2..."
[1] "tuning with p=2 & q=3..."
[1] "tuning with p=2 & q=4..."
[1] "tuning with p=2 & q=5..."
[1] "tuning with p=2 & q=6..."
[1] "tuning with p=3 & q=1..."
[1] "tuning with p=3 & q=2..."
[1] "tuning with p=3 & q=3..."
[1] "tuning with p=3 & q=4..."
[1] "tuning with p=3 & q=5..."
[1] "tuning with p=3 & q=6..."
[1] "tuning with p=4 & q=1..."
[1] "tuning with p=4 & q=2..."
[1] "tuning with p=4 & q=3..."
[1] "tuning with p=4 & q=4..."
[1] "tuning with p=4 & q=5..."
[1] "tuning with p=4 & q=6..."
[1] "tuning with p=5 & q=1..."
[1] "tuning with p=5 & q=2..."
[1] "tuning with p=5 & q=3..."
[1] "tuning with p=5 & q=4..."
[1] "tuning with p=5 & q=5..."
[1] "tuning with p=5 & q=6..."
[1] "Completed after 15.9143430193265 minutes"
[1] "Beginning model tuning for: CA1.15"
[1] "tuning with p=1 & q=1..."
[1] "tuning with p=1 & q=2..."
[1] "tuning with p=1 & q=3..."
[1] "tuning with p=1 & q=4..."
[1] "tuning with p=1 & q=5..."
[1] "tuning with p=1 & q=6..."
[1] "tuning with p=2 & q=1..."
[1] "tuning with p=2 & q=2..."
[1] "tuning with p=2 & q=3..."
[1] "tuning with p=2 & q=4..."
[1] "tuning with p=2 & q=5..."
[1] "tuning with p=2 & q=6..."
[1] "tuning with p=3 & q=1..."
[1] "tuning with p=3 & q=2..."
[1] "tuning with p=3 & q=3..."
[1] "tuning with p=3 & q=4..."
[1] "tuning with p=3 & q=5..."
[1] "tuning with p=3 & q=6..."
[1] "tuning with p=4 & q=1..."
[1] "tuning with p=4 & q=2..."
[1] "tuning with p=4 & q=3..."
[1] "tuning with p=4 & q=4..."
[1] "tuning with p=4 & q=5..."
[1] "tuning with p=4 & q=6..."
[1] "tuning with p=5 & q=1..."
[1] "tuning with p=5 & q=2..."
[1] "tuning with p=5 & q=3..."
[1] "tuning with p=5 & q=4..."
[1] "tuning with p=5 & q=5..."
[1] "tuning with p=5 & q=6..."
[1] "Completed after 16.6731746951739 minutes"
[1] "Fitting optimal model for CA1.1..."
[1] "Fitting optimal model for CA1.2..."
[1] "Fitting optimal model for CA1.3..."
[1] "Fitting optimal model for CA1.4..."
[1] "Fitting optimal model for CA1.5..."
[1] "Fitting optimal model for CA1.6..."
[1] "Fitting optimal model for CA1.7..."
[1] "Fitting optimal model for CA1.8..."
[1] "Fitting optimal model for CA1.9..."
[1] "Fitting optimal model for CA1.10..."
[1] "Fitting optimal model for CA1.11..."
[1] "Fitting optimal model for CA1.12..."
[1] "Fitting optimal model for CA1.13..."
[1] "Fitting optimal model for CA1.14..."
[1] "Fitting optimal model for CA1.15..."
[1] "Completed after 378.79695045948 minutes"
[1] "Fitting Poisson within-region models..."
[1] "Beginning variable selection for: CA1.1"
[1] "selecting top 1 variables..."
[1] "selecting top 2 variables..."
[1] "selecting top 3 variables..."
[1] "selecting top 4 variables..."
[1] "selecting top 5 variables..."
[1] "Completed after 0.354768121242523 minutes"
[1] "Beginning variable selection for: CA1.2"
[1] "selecting top 1 variables..."
[1] "selecting top 2 variables..."
[1] "selecting top 3 variables..."
[1] "selecting top 4 variables..."
[1] "selecting top 5 variables..."
[1] "Completed after 0.705861870447795 minutes"
[1] "Beginning variable selection for: CA1.3"
[1] "selecting top 1 variables..."
[1] "selecting top 2 variables..."
[1] "selecting top 3 variables..."
[1] "selecting top 4 variables..."
[1] "selecting top 5 variables..."
[1] "Completed after 1.06077529191971 minutes"
[1] "Beginning variable selection for: CA1.4"
[1] "selecting top 1 variables..."
[1] "selecting top 2 variables..."
[1] "selecting top 3 variables..."
[1] "selecting top 4 variables..."
[1] "selecting top 5 variables..."
[1] "Completed after 1.41232876777649 minutes"
[1] "Beginning variable selection for: CA1.5"
[1] "selecting top 1 variables..."
[1] "selecting top 2 variables..."
[1] "selecting top 3 variables..."
[1] "selecting top 4 variables..."
[1] "selecting top 5 variables..."
[1] "Completed after 1.76516283750534 minutes"
[1] "Beginning variable selection for: CA1.6"
[1] "selecting top 1 variables..."
[1] "selecting top 2 variables..."
[1] "selecting top 3 variables..."
[1] "selecting top 4 variables..."
[1] "selecting top 5 variables..."
[1] "Completed after 2.1178714911143 minutes"
[1] "Beginning variable selection for: CA1.7"
[1] "selecting top 1 variables..."
[1] "selecting top 2 variables..."
[1] "selecting top 3 variables..."
[1] "selecting top 4 variables..."
[1] "selecting top 5 variables..."
[1] "Completed after 2.46997368733088 minutes"
[1] "Beginning variable selection for: CA1.8"
[1] "selecting top 1 variables..."
[1] "selecting top 2 variables..."
[1] "selecting top 3 variables..."
[1] "selecting top 4 variables..."
[1] "selecting top 5 variables..."
[1] "Completed after 2.82261764208476 minutes"
[1] "Beginning variable selection for: CA1.9"
[1] "selecting top 1 variables..."
[1] "selecting top 2 variables..."
[1] "selecting top 3 variables..."
[1] "selecting top 4 variables..."
[1] "Model fitting error on CA1.9 (5, 6): Error in glarma(train_df[, 1], as.matrix(train_df[, -1]), phiLags = 1:p, : Fisher Scoring fails to converge from the initial estimates.\n"
[1] "Model evaluation error on CA1.9 (5, 6): Error in doTryCatch(return(expr), name, parentenv, handler): object 'model' not found\n"
[1] "selecting top 5 variables..."
[1] "Completed after 3.1633765856425 minutes"
[1] "Beginning variable selection for: CA1.10"
[1] "selecting top 1 variables..."
[1] "selecting top 2 variables..."
[1] "selecting top 3 variables..."
[1] "selecting top 4 variables..."
[1] "selecting top 5 variables..."
[1] "Completed after 3.51691912810008 minutes"
[1] "Beginning variable selection for: CA1.11"
[1] "selecting top 1 variables..."
[1] "selecting top 2 variables..."
[1] "selecting top 3 variables..."
[1] "selecting top 4 variables..."
[1] "selecting top 5 variables..."
[1] "Completed after 3.87078379789988 minutes"
[1] "Beginning variable selection for: CA1.12"
[1] "selecting top 1 variables..."
[1] "selecting top 2 variables..."
[1] "selecting top 3 variables..."
[1] "selecting top 4 variables..."
[1] "selecting top 5 variables..."
[1] "Completed after 4.22299941380819 minutes"
[1] "Beginning variable selection for: CA1.13"
[1] "selecting top 1 variables..."
[1] "selecting top 2 variables..."
[1] "selecting top 3 variables..."
[1] "selecting top 4 variables..."
[1] "selecting top 5 variables..."
[1] "Completed after 4.57661537329356 minutes"
[1] "Beginning variable selection for: CA1.14"
[1] "selecting top 1 variables..."
[1] "selecting top 2 variables..."
[1] "selecting top 3 variables..."
[1] "selecting top 4 variables..."
[1] "selecting top 5 variables..."
[1] "Completed after 4.92775218089422 minutes"
[1] "Beginning variable selection for: CA1.15"
[1] "selecting top 1 variables..."
[1] "selecting top 2 variables..."
[1] "selecting top 3 variables..."
[1] "selecting top 4 variables..."
[1] "selecting top 5 variables..."
[1] "Completed after 5.28168755372365 minutes"
[1] "Beginning model tuning for: CA1.1"
[1] "tuning with p=1 & q=1..."
[1] "tuning with p=1 & q=2..."
[1] "tuning with p=1 & q=3..."
[1] "tuning with p=1 & q=4..."
[1] "tuning with p=1 & q=5..."
[1] "tuning with p=1 & q=6..."
[1] "tuning with p=2 & q=1..."
[1] "tuning with p=2 & q=2..."
[1] "tuning with p=2 & q=3..."
[1] "tuning with p=2 & q=4..."
[1] "tuning with p=2 & q=5..."
[1] "tuning with p=2 & q=6..."
[1] "tuning with p=3 & q=1..."
[1] "tuning with p=3 & q=2..."
[1] "tuning with p=3 & q=3..."
[1] "tuning with p=3 & q=4..."
[1] "tuning with p=3 & q=5..."
[1] "tuning with p=3 & q=6..."
[1] "tuning with p=4 & q=1..."
[1] "tuning with p=4 & q=2..."
[1] "tuning with p=4 & q=3..."
[1] "tuning with p=4 & q=4..."
[1] "tuning with p=4 & q=5..."
[1] "tuning with p=4 & q=6..."
[1] "tuning with p=5 & q=1..."
[1] "tuning with p=5 & q=2..."
[1] "tuning with p=5 & q=3..."
[1] "tuning with p=5 & q=4..."
[1] "tuning with p=5 & q=5..."
[1] "tuning with p=5 & q=6..."
[1] "Completed after 6.01701878706614 minutes"
[1] "Beginning model tuning for: CA1.2"
[1] "tuning with p=1 & q=1..."
[1] "tuning with p=1 & q=2..."
[1] "tuning with p=1 & q=3..."
[1] "tuning with p=1 & q=4..."
[1] "tuning with p=1 & q=5..."
[1] "tuning with p=1 & q=6..."
[1] "tuning with p=2 & q=1..."
[1] "tuning with p=2 & q=2..."
[1] "tuning with p=2 & q=3..."
[1] "tuning with p=2 & q=4..."
[1] "tuning with p=2 & q=5..."
[1] "tuning with p=2 & q=6..."
[1] "tuning with p=3 & q=1..."
[1] "tuning with p=3 & q=2..."
[1] "tuning with p=3 & q=3..."
[1] "tuning with p=3 & q=4..."
[1] "tuning with p=3 & q=5..."
[1] "tuning with p=3 & q=6..."
[1] "tuning with p=4 & q=1..."
[1] "tuning with p=4 & q=2..."
[1] "tuning with p=4 & q=3..."
[1] "tuning with p=4 & q=4..."
[1] "tuning with p=4 & q=5..."
[1] "tuning with p=4 & q=6..."
[1] "tuning with p=5 & q=1..."
[1] "tuning with p=5 & q=2..."
[1] "tuning with p=5 & q=3..."
[1] "tuning with p=5 & q=4..."
[1] "tuning with p=5 & q=5..."
[1] "tuning with p=5 & q=6..."
[1] "Completed after 6.7561388929685 minutes"
[1] "Beginning model tuning for: CA1.3"
[1] "tuning with p=1 & q=1..."
[1] "tuning with p=1 & q=2..."
[1] "tuning with p=1 & q=3..."
[1] "tuning with p=1 & q=4..."
[1] "tuning with p=1 & q=5..."
[1] "tuning with p=1 & q=6..."
[1] "tuning with p=2 & q=1..."
[1] "tuning with p=2 & q=2..."
[1] "tuning with p=2 & q=3..."
[1] "tuning with p=2 & q=4..."
[1] "tuning with p=2 & q=5..."
[1] "tuning with p=2 & q=6..."
[1] "tuning with p=3 & q=1..."
[1] "tuning with p=3 & q=2..."
[1] "tuning with p=3 & q=3..."
[1] "tuning with p=3 & q=4..."
[1] "tuning with p=3 & q=5..."
[1] "tuning with p=3 & q=6..."
[1] "tuning with p=4 & q=1..."
[1] "tuning with p=4 & q=2..."
[1] "tuning with p=4 & q=3..."
[1] "tuning with p=4 & q=4..."
[1] "tuning with p=4 & q=5..."
[1] "tuning with p=4 & q=6..."
[1] "tuning with p=5 & q=1..."
[1] "tuning with p=5 & q=2..."
[1] "tuning with p=5 & q=3..."
[1] "tuning with p=5 & q=4..."
[1] "tuning with p=5 & q=5..."
[1] "tuning with p=5 & q=6..."
[1] "Completed after 7.49252554178238 minutes"
[1] "Beginning model tuning for: CA1.4"
[1] "tuning with p=1 & q=1..."
[1] "tuning with p=1 & q=2..."
[1] "tuning with p=1 & q=3..."
[1] "tuning with p=1 & q=4..."
[1] "tuning with p=1 & q=5..."
[1] "tuning with p=1 & q=6..."
[1] "tuning with p=2 & q=1..."
[1] "tuning with p=2 & q=2..."
[1] "tuning with p=2 & q=3..."
[1] "tuning with p=2 & q=4..."
[1] "tuning with p=2 & q=5..."
[1] "tuning with p=2 & q=6..."
[1] "tuning with p=3 & q=1..."
[1] "tuning with p=3 & q=2..."
[1] "tuning with p=3 & q=3..."
[1] "tuning with p=3 & q=4..."
[1] "tuning with p=3 & q=5..."
[1] "tuning with p=3 & q=6..."
[1] "tuning with p=4 & q=1..."
[1] "tuning with p=4 & q=2..."
[1] "tuning with p=4 & q=3..."
[1] "tuning with p=4 & q=4..."
[1] "tuning with p=4 & q=5..."
[1] "tuning with p=4 & q=6..."
[1] "tuning with p=5 & q=1..."
[1] "tuning with p=5 & q=2..."
[1] "tuning with p=5 & q=3..."
[1] "tuning with p=5 & q=4..."
[1] "tuning with p=5 & q=5..."
[1] "tuning with p=5 & q=6..."
[1] "Completed after 8.20018764336904 minutes"
[1] "Beginning model tuning for: CA1.5"
[1] "tuning with p=1 & q=1..."
[1] "tuning with p=1 & q=2..."
[1] "tuning with p=1 & q=3..."
[1] "tuning with p=1 & q=4..."
[1] "tuning with p=1 & q=5..."
[1] "tuning with p=1 & q=6..."
[1] "tuning with p=2 & q=1..."
[1] "tuning with p=2 & q=2..."
[1] "tuning with p=2 & q=3..."
[1] "tuning with p=2 & q=4..."
[1] "tuning with p=2 & q=5..."
[1] "tuning with p=2 & q=6..."
[1] "tuning with p=3 & q=1..."
[1] "tuning with p=3 & q=2..."
[1] "tuning with p=3 & q=3..."
[1] "tuning with p=3 & q=4..."
[1] "tuning with p=3 & q=5..."
[1] "tuning with p=3 & q=6..."
[1] "tuning with p=4 & q=1..."
[1] "tuning with p=4 & q=2..."
[1] "tuning with p=4 & q=3..."
[1] "tuning with p=4 & q=4..."
[1] "tuning with p=4 & q=5..."
[1] "tuning with p=4 & q=6..."
[1] "tuning with p=5 & q=1..."
[1] "tuning with p=5 & q=2..."
[1] "tuning with p=5 & q=3..."
[1] "tuning with p=5 & q=4..."
[1] "tuning with p=5 & q=5..."
[1] "tuning with p=5 & q=6..."
[1] "Completed after 8.93687221606572 minutes"
[1] "Beginning model tuning for: CA1.6"
[1] "tuning with p=1 & q=1..."
[1] "tuning with p=1 & q=2..."
[1] "tuning with p=1 & q=3..."
[1] "tuning with p=1 & q=4..."
[1] "tuning with p=1 & q=5..."
[1] "tuning with p=1 & q=6..."
[1] "tuning with p=2 & q=1..."
[1] "tuning with p=2 & q=2..."
[1] "tuning with p=2 & q=3..."
[1] "tuning with p=2 & q=4..."
[1] "tuning with p=2 & q=5..."
[1] "tuning with p=2 & q=6..."
[1] "tuning with p=3 & q=1..."
[1] "tuning with p=3 & q=2..."
[1] "tuning with p=3 & q=3..."
[1] "tuning with p=3 & q=4..."
[1] "tuning with p=3 & q=5..."
[1] "tuning with p=3 & q=6..."
[1] "tuning with p=4 & q=1..."
[1] "tuning with p=4 & q=2..."
[1] "tuning with p=4 & q=3..."
[1] "tuning with p=4 & q=4..."
[1] "tuning with p=4 & q=5..."
[1] "tuning with p=4 & q=6..."
[1] "tuning with p=5 & q=1..."
[1] "tuning with p=5 & q=2..."
[1] "tuning with p=5 & q=3..."
[1] "tuning with p=5 & q=4..."
[1] "tuning with p=5 & q=5..."
[1] "tuning with p=5 & q=6..."
[1] "Completed after 9.67556638717651 minutes"
[1] "Beginning model tuning for: CA1.7"
[1] "tuning with p=1 & q=1..."
[1] "tuning with p=1 & q=2..."
[1] "tuning with p=1 & q=3..."
[1] "tuning with p=1 & q=4..."
[1] "tuning with p=1 & q=5..."
[1] "tuning with p=1 & q=6..."
[1] "tuning with p=2 & q=1..."
[1] "tuning with p=2 & q=2..."
[1] "tuning with p=2 & q=3..."
[1] "tuning with p=2 & q=4..."
[1] "tuning with p=2 & q=5..."
[1] "tuning with p=2 & q=6..."
[1] "tuning with p=3 & q=1..."
[1] "tuning with p=3 & q=2..."
[1] "tuning with p=3 & q=3..."
[1] "tuning with p=3 & q=4..."
[1] "tuning with p=3 & q=5..."
[1] "tuning with p=3 & q=6..."
[1] "tuning with p=4 & q=1..."
[1] "tuning with p=4 & q=2..."
[1] "tuning with p=4 & q=3..."
[1] "tuning with p=4 & q=4..."
[1] "tuning with p=4 & q=5..."
[1] "tuning with p=4 & q=6..."
[1] "tuning with p=5 & q=1..."
[1] "tuning with p=5 & q=2..."
[1] "tuning with p=5 & q=3..."
[1] "tuning with p=5 & q=4..."
[1] "tuning with p=5 & q=5..."
[1] "tuning with p=5 & q=6..."
[1] "Completed after 10.4069637378057 minutes"
[1] "Beginning model tuning for: CA1.8"
[1] "tuning with p=1 & q=1..."
[1] "tuning with p=1 & q=2..."
[1] "tuning with p=1 & q=3..."
[1] "tuning with p=1 & q=4..."
[1] "tuning with p=1 & q=5..."
[1] "tuning with p=1 & q=6..."
[1] "tuning with p=2 & q=1..."
[1] "tuning with p=2 & q=2..."
[1] "tuning with p=2 & q=3..."
[1] "tuning with p=2 & q=4..."
[1] "tuning with p=2 & q=5..."
[1] "tuning with p=2 & q=6..."
[1] "tuning with p=3 & q=1..."
[1] "tuning with p=3 & q=2..."
[1] "tuning with p=3 & q=3..."
[1] "tuning with p=3 & q=4..."
[1] "tuning with p=3 & q=5..."
[1] "tuning with p=3 & q=6..."
[1] "tuning with p=4 & q=1..."
[1] "tuning with p=4 & q=2..."
[1] "tuning with p=4 & q=3..."
[1] "tuning with p=4 & q=4..."
[1] "tuning with p=4 & q=5..."
[1] "tuning with p=4 & q=6..."
[1] "tuning with p=5 & q=1..."
[1] "tuning with p=5 & q=2..."
[1] "tuning with p=5 & q=3..."
[1] "tuning with p=5 & q=4..."
[1] "tuning with p=5 & q=5..."
[1] "tuning with p=5 & q=6..."
[1] "Completed after 11.1430068055789 minutes"
[1] "Beginning model tuning for: CA1.9"
[1] "tuning with p=1 & q=1..."
[1] "tuning with p=1 & q=2..."
[1] "tuning with p=1 & q=3..."
[1] "tuning with p=1 & q=4..."
[1] "tuning with p=1 & q=5..."
[1] "tuning with p=1 & q=6..."
[1] "tuning with p=2 & q=1..."
[1] "tuning with p=2 & q=2..."
[1] "tuning with p=2 & q=3..."
[1] "tuning with p=2 & q=4..."
[1] "tuning with p=2 & q=5..."
[1] "tuning with p=2 & q=6..."
[1] "tuning with p=3 & q=1..."
[1] "tuning with p=3 & q=2..."
[1] "tuning with p=3 & q=3..."
[1] "tuning with p=3 & q=4..."
[1] "tuning with p=3 & q=5..."
[1] "tuning with p=3 & q=6..."
[1] "tuning with p=4 & q=1..."
[1] "tuning with p=4 & q=2..."
[1] "tuning with p=4 & q=3..."
[1] "tuning with p=4 & q=4..."
[1] "tuning with p=4 & q=5..."
[1] "tuning with p=4 & q=6..."
[1] "Model fitting error on CA1.9 (4, 6): Error in glarma(train_df[, 1], as.matrix(train_df[, -1]), phiLags = 1:p, : Fisher Scoring fails to converge from the initial estimates.\n"
[1] "tuning with p=5 & q=1..."
[1] "tuning with p=5 & q=2..."
[1] "tuning with p=5 & q=3..."
[1] "tuning with p=5 & q=4..."
[1] "tuning with p=5 & q=5..."
[1] "tuning with p=5 & q=6..."
[1] "Completed after 11.8746086994807 minutes"
[1] "Beginning model tuning for: CA1.10"
[1] "tuning with p=1 & q=1..."
[1] "tuning with p=1 & q=2..."
[1] "tuning with p=1 & q=3..."
[1] "tuning with p=1 & q=4..."
[1] "tuning with p=1 & q=5..."
[1] "tuning with p=1 & q=6..."
[1] "tuning with p=2 & q=1..."
[1] "tuning with p=2 & q=2..."
[1] "tuning with p=2 & q=3..."
[1] "tuning with p=2 & q=4..."
[1] "tuning with p=2 & q=5..."
[1] "tuning with p=2 & q=6..."
[1] "tuning with p=3 & q=1..."
[1] "tuning with p=3 & q=2..."
[1] "tuning with p=3 & q=3..."
[1] "tuning with p=3 & q=4..."
[1] "tuning with p=3 & q=5..."
[1] "tuning with p=3 & q=6..."
[1] "tuning with p=4 & q=1..."
[1] "tuning with p=4 & q=2..."
[1] "tuning with p=4 & q=3..."
[1] "tuning with p=4 & q=4..."
[1] "tuning with p=4 & q=5..."
[1] "tuning with p=4 & q=6..."
[1] "tuning with p=5 & q=1..."
[1] "tuning with p=5 & q=2..."
[1] "tuning with p=5 & q=3..."
[1] "tuning with p=5 & q=4..."
[1] "tuning with p=5 & q=5..."
[1] "tuning with p=5 & q=6..."
[1] "Completed after 12.6117849667867 minutes"
[1] "Beginning model tuning for: CA1.11"
[1] "tuning with p=1 & q=1..."
[1] "tuning with p=1 & q=2..."
[1] "tuning with p=1 & q=3..."
[1] "tuning with p=1 & q=4..."
[1] "tuning with p=1 & q=5..."
[1] "tuning with p=1 & q=6..."
[1] "tuning with p=2 & q=1..."
[1] "tuning with p=2 & q=2..."
[1] "tuning with p=2 & q=3..."
[1] "tuning with p=2 & q=4..."
[1] "tuning with p=2 & q=5..."
[1] "tuning with p=2 & q=6..."
[1] "tuning with p=3 & q=1..."
[1] "tuning with p=3 & q=2..."
[1] "tuning with p=3 & q=3..."
[1] "tuning with p=3 & q=4..."
[1] "tuning with p=3 & q=5..."
[1] "tuning with p=3 & q=6..."
[1] "tuning with p=4 & q=1..."
[1] "tuning with p=4 & q=2..."
[1] "tuning with p=4 & q=3..."
[1] "tuning with p=4 & q=4..."
[1] "tuning with p=4 & q=5..."
[1] "tuning with p=4 & q=6..."
[1] "tuning with p=5 & q=1..."
[1] "tuning with p=5 & q=2..."
[1] "tuning with p=5 & q=3..."
[1] "tuning with p=5 & q=4..."
[1] "tuning with p=5 & q=5..."
[1] "tuning with p=5 & q=6..."
[1] "Completed after 13.3461027026176 minutes"
[1] "Beginning model tuning for: CA1.12"
[1] "tuning with p=1 & q=1..."
[1] "tuning with p=1 & q=2..."
[1] "tuning with p=1 & q=3..."
[1] "tuning with p=1 & q=4..."
[1] "tuning with p=1 & q=5..."
[1] "tuning with p=1 & q=6..."
[1] "tuning with p=2 & q=1..."
[1] "tuning with p=2 & q=2..."
[1] "tuning with p=2 & q=3..."
[1] "tuning with p=2 & q=4..."
[1] "tuning with p=2 & q=5..."
[1] "tuning with p=2 & q=6..."
[1] "tuning with p=3 & q=1..."
[1] "tuning with p=3 & q=2..."
[1] "tuning with p=3 & q=3..."
[1] "tuning with p=3 & q=4..."
[1] "tuning with p=3 & q=5..."
[1] "tuning with p=3 & q=6..."
[1] "tuning with p=4 & q=1..."
[1] "tuning with p=4 & q=2..."
[1] "tuning with p=4 & q=3..."
[1] "tuning with p=4 & q=4..."
[1] "tuning with p=4 & q=5..."
[1] "tuning with p=4 & q=6..."
[1] "tuning with p=5 & q=1..."
[1] "tuning with p=5 & q=2..."
[1] "tuning with p=5 & q=3..."
[1] "tuning with p=5 & q=4..."
[1] "tuning with p=5 & q=5..."
[1] "tuning with p=5 & q=6..."
[1] "Completed after 14.0762937426567 minutes"
[1] "Beginning model tuning for: CA1.13"
[1] "tuning with p=1 & q=1..."
[1] "tuning with p=1 & q=2..."
[1] "tuning with p=1 & q=3..."
[1] "tuning with p=1 & q=4..."
[1] "tuning with p=1 & q=5..."
[1] "tuning with p=1 & q=6..."
[1] "tuning with p=2 & q=1..."
[1] "tuning with p=2 & q=2..."
[1] "tuning with p=2 & q=3..."
[1] "tuning with p=2 & q=4..."
[1] "tuning with p=2 & q=5..."
[1] "tuning with p=2 & q=6..."
[1] "tuning with p=3 & q=1..."
[1] "tuning with p=3 & q=2..."
[1] "tuning with p=3 & q=3..."
[1] "tuning with p=3 & q=4..."
[1] "tuning with p=3 & q=5..."
[1] "tuning with p=3 & q=6..."
[1] "tuning with p=4 & q=1..."
[1] "tuning with p=4 & q=2..."
[1] "tuning with p=4 & q=3..."
[1] "tuning with p=4 & q=4..."
[1] "tuning with p=4 & q=5..."
[1] "tuning with p=4 & q=6..."
[1] "tuning with p=5 & q=1..."
[1] "tuning with p=5 & q=2..."
[1] "tuning with p=5 & q=3..."
[1] "tuning with p=5 & q=4..."
[1] "tuning with p=5 & q=5..."
[1] "tuning with p=5 & q=6..."
[1] "Completed after 14.8111007889112 minutes"
[1] "Beginning model tuning for: CA1.14"
[1] "tuning with p=1 & q=1..."
[1] "tuning with p=1 & q=2..."
[1] "tuning with p=1 & q=3..."
[1] "tuning with p=1 & q=4..."
[1] "tuning with p=1 & q=5..."
[1] "tuning with p=1 & q=6..."
[1] "tuning with p=2 & q=1..."
[1] "tuning with p=2 & q=2..."
[1] "tuning with p=2 & q=3..."
[1] "tuning with p=2 & q=4..."
[1] "tuning with p=2 & q=5..."
[1] "tuning with p=2 & q=6..."
[1] "tuning with p=3 & q=1..."
[1] "tuning with p=3 & q=2..."
[1] "tuning with p=3 & q=3..."
[1] "tuning with p=3 & q=4..."
[1] "tuning with p=3 & q=5..."
[1] "tuning with p=3 & q=6..."
[1] "tuning with p=4 & q=1..."
[1] "tuning with p=4 & q=2..."
[1] "tuning with p=4 & q=3..."
[1] "tuning with p=4 & q=4..."
[1] "tuning with p=4 & q=5..."
[1] "tuning with p=4 & q=6..."
[1] "tuning with p=5 & q=1..."
[1] "tuning with p=5 & q=2..."
[1] "tuning with p=5 & q=3..."
[1] "tuning with p=5 & q=4..."
[1] "tuning with p=5 & q=5..."
[1] "tuning with p=5 & q=6..."
[1] "Completed after 15.5282341480255 minutes"
[1] "Beginning model tuning for: CA1.15"
[1] "tuning with p=1 & q=1..."
[1] "tuning with p=1 & q=2..."
[1] "tuning with p=1 & q=3..."
[1] "tuning with p=1 & q=4..."
[1] "tuning with p=1 & q=5..."
[1] "tuning with p=1 & q=6..."
[1] "tuning with p=2 & q=1..."
[1] "tuning with p=2 & q=2..."
[1] "tuning with p=2 & q=3..."
[1] "tuning with p=2 & q=4..."
[1] "tuning with p=2 & q=5..."
[1] "tuning with p=2 & q=6..."
[1] "tuning with p=3 & q=1..."
[1] "tuning with p=3 & q=2..."
[1] "tuning with p=3 & q=3..."
[1] "tuning with p=3 & q=4..."
[1] "tuning with p=3 & q=5..."
[1] "tuning with p=3 & q=6..."
[1] "tuning with p=4 & q=1..."
[1] "tuning with p=4 & q=2..."
[1] "tuning with p=4 & q=3..."
[1] "tuning with p=4 & q=4..."
[1] "tuning with p=4 & q=5..."
[1] "tuning with p=4 & q=6..."
[1] "tuning with p=5 & q=1..."
[1] "tuning with p=5 & q=2..."
[1] "tuning with p=5 & q=3..."
[1] "tuning with p=5 & q=4..."
[1] "tuning with p=5 & q=5..."
[1] "tuning with p=5 & q=6..."
[1] "Completed after 16.2674110094706 minutes"
[1] "Fitting optimal model for CA1.1..."
[1] "Fitting optimal model for CA1.2..."
[1] "Fitting optimal model for CA1.3..."
[1] "Fitting optimal model for CA1.4..."
[1] "Fitting optimal model for CA1.5..."
[1] "Fitting optimal model for CA1.6..."
[1] "Fitting optimal model for CA1.7..."
[1] "Fitting optimal model for CA1.8..."
[1] "Fitting optimal model for CA1.9..."
[1] "Fitting optimal model for CA1.10..."
[1] "Fitting optimal model for CA1.11..."
[1] "Fitting optimal model for CA1.12..."
[1] "Fitting optimal model for CA1.13..."
[1] "Fitting optimal model for CA1.14..."
[1] "Fitting optimal model for CA1.15..."
[1] "Completed after 399.701597309113 minutes"
