[1] "Fitting Poisson inter-region models..."
[1] "Beginning variable selection for: CA1.1"
[1] "Model evaluation error for CA1.1 full model: Error in data.frame(var = pred_names, coef = est): arguments imply differing number of rows: 21, 14\n"
[1] "Error fitting Poisson inter-region models: Error in var_select(5, start, dist, type): object 'full_model_select' not found\n"
[1] "Fitting Poisson within-region models..."
[1] "Beginning variable selection for: CA1.1"
[1] "selecting top 1 variables..."
[1] "selecting top 2 variables..."
[1] "selecting top 3 variables..."
[1] "selecting top 4 variables..."
[1] "selecting top 5 variables..."
[1] "selecting top 6 variables..."
[1] "Error fitting Poisson within-region models: Error in data.frame(var_inc = 1:select, aic = aics): arguments imply differing number of rows: 5, 6\n"
[1] "Fitting Negative Binomial inter-region models..."
[1] "Beginning variable selection for: CA1.1"
[1] "Model evaluation error for CA1.1 full model: Error in data.frame(var = pred_names, coef = est): arguments imply differing number of rows: 21, 14\n"
[1] "Error fitting Negative Binomial inter-region models: Error in var_select(5, start, dist, type): object 'full_model_select' not found\n"
[1] "Fitting Negative Binomial within-region models..."
[1] "Beginning variable selection for: CA1.1"
[1] "selecting top 1 variables..."
[1] "selecting top 2 variables..."
[1] "selecting top 3 variables..."
[1] "selecting top 4 variables..."
[1] "selecting top 5 variables..."
[1] "selecting top 6 variables..."
[1] "Error fitting Negative Binomial within-region models: Error in data.frame(var_inc = 1:select, aic = aics): arguments imply differing number of rows: 5, 6\n"
