Registered S3 methods overwritten by 'ggplot2':
  method         from 
  [.quosures     rlang
  c.quosures     rlang
  print.quosures rlang
Registered S3 method overwritten by 'rvest':
  method            from
  read_xml.response xml2
-- Attaching packages --------------------------------------- tidyverse 1.2.1 --
v ggplot2 3.1.1       v purrr   0.3.2  
v tibble  2.1.1       v dplyr   0.8.0.1
v tidyr   0.8.3       v stringr 1.4.0  
v readr   1.3.1       v forcats 0.4.0  
-- Conflicts ------------------------------------------ tidyverse_conflicts() --
x dplyr::filter() masks stats::filter()
x dplyr::lag()    masks stats::lag()
trying URL 'http://cran.us.r-project.org/src/contrib/glarma_1.6-0.tar.gz'
Content type 'application/x-gzip' length 483896 bytes (472 KB)
==================================================
downloaded 472 KB

* installing *source* package 'glarma' ...
** package 'glarma' successfully unpacked and MD5 sums checked
** using staged installation
** R
** data
** inst
** byte-compile and prepare package for lazy loading
** help
*** installing help indices
** building package indices
** installing vignettes
** testing if installed package can be loaded from temporary location
** testing if installed package can be loaded from final location
** testing if installed package keeps a record of temporary installation path
* DONE (glarma)

The downloaded source packages are in
	'/tmp/Rtmp3S7SAB/downloaded_packages'
Updating HTML index of packages in '.Library'
Making 'packages.html' ... done
Note: Using an external vector in selections is ambiguous.
i Use `all_of(resp)` instead of `resp` to silence this message.
i See <https://tidyselect.r-lib.org/reference/faq-external-vector.html>.
This message is displayed once per session.
Note: Using an external vector in selections is ambiguous.
i Use `all_of(pred)` instead of `pred` to silence this message.
i See <https://tidyselect.r-lib.org/reference/faq-external-vector.html>.
This message is displayed once per session.
Warning message:
In gzfile(file, "rb") :
  cannot open compressed file '../Models/GLARMA_Pois_IR/model_CA1.9.rds', probable reason 'No such file or directory'
