Registered S3 methods overwritten by 'ggplot2':
  method         from 
  [.quosures     rlang
  c.quosures     rlang
  print.quosures rlang
Registered S3 method overwritten by 'rvest':
  method            from
  read_xml.response xml2
── Attaching packages ─────────────────────────────────────── tidyverse 1.2.1 ──
✔ ggplot2 3.1.1       ✔ purrr   0.3.2  
✔ tibble  2.1.1       ✔ dplyr   0.8.0.1
✔ tidyr   0.8.3       ✔ stringr 1.4.0  
✔ readr   1.3.1       ✔ forcats 0.4.0  
── Conflicts ────────────────────────────────────────── tidyverse_conflicts() ──
✖ dplyr::filter() masks stats::filter()
✖ dplyr::lag()    masks stats::lag()
trying URL 'http://cran.us.r-project.org/src/contrib/tscount_1.4.3.tar.gz'
Content type 'application/x-gzip' length 2627137 bytes (2.5 MB)
==================================================
downloaded 2.5 MB

* installing *source* package ‘tscount’ ...
** package ‘tscount’ successfully unpacked and MD5 sums checked
staged installation is only possible with locking
** using non-staged installation
** R
** data
*** moving datasets to lazyload DB
** inst
** byte-compile and prepare package for lazy loading
** help
*** installing help indices
** building package indices
** installing vignettes
** testing if installed package can be loaded
* DONE (tscount)

The downloaded source packages are in
	‘/tmp/RtmpTBLreu/downloaded_packages’
Updating HTML index of packages in '.Library'
Making 'packages.html' ... done
Note: Using an external vector in selections is ambiguous.
i Use `all_of(resp)` instead of `resp` to silence this message.
i See <https://tidyselect.r-lib.org/reference/faq-external-vector.html>.
This message is displayed once per session.
Note: Using an external vector in selections is ambiguous.
i Use `all_of(pred)` instead of `pred` to silence this message.
i See <https://tidyselect.r-lib.org/reference/faq-external-vector.html>.
This message is displayed once per session.
