Registered S3 methods overwritten by 'ggplot2':
  method         from 
  [.quosures     rlang
  c.quosures     rlang
  print.quosures rlang
Registered S3 method overwritten by 'rvest':
  method            from
  read_xml.response xml2
── Attaching packages ─────────────────────────────────────── tidyverse 1.2.1 ──
✔ ggplot2 3.1.1       ✔ purrr   0.3.2  
✔ tibble  2.1.1       ✔ dplyr   0.8.0.1
✔ tidyr   0.8.3       ✔ stringr 1.4.0  
✔ readr   1.3.1       ✔ forcats 0.4.0  
── Conflicts ────────────────────────────────────────── tidyverse_conflicts() ──
✖ dplyr::filter() masks stats::filter()
✖ dplyr::lag()    masks stats::lag()
trying URL 'http://cran.us.r-project.org/src/contrib/tscount_1.4.3.tar.gz'
Content type 'application/x-gzip' length 2627137 bytes (2.5 MB)
==================================================
downloaded 2.5 MB

ERROR: failed to lock directory ‘/projects/akiehl@colostate.edu/software/anaconda/envs/fitEnv2/lib/R/library’ for modifying
Try removing ‘/projects/akiehl@colostate.edu/software/anaconda/envs/fitEnv2/lib/R/library/00LOCK-tscount’

The downloaded source packages are in
	‘/tmp/RtmplafJoa/downloaded_packages’
Updating HTML index of packages in '.Library'
Making 'packages.html' ... done
Warning message:
In install.packages("tscount", repos = "http://cran.us.r-project.org") :
  installation of package ‘tscount’ had non-zero exit status
Error in library(tscount) : there is no package called ‘tscount’
Execution halted
