[1] ‘1.1.2’
[1] "Fitting Poisson inter-region models..."
[1] "Beginning variable selection for: CA1.1"
[1] "selecting top 1 variables..."
[1] "selecting top 2 variables..."
[1] "selecting top 3 variables..."
[1] "selecting top 4 variables..."
[1] "selecting top 5 variables..."
[1] "Completed after 4.73024318615596 minutes"
[1] "Beginning variable selection for: CA1.2"
[1] "selecting top 1 variables..."
[1] "selecting top 2 variables..."
[1] "selecting top 3 variables..."
[1] "selecting top 4 variables..."
[1] "selecting top 5 variables..."
[1] "Completed after 9.15584015448888 minutes"
[1] "Beginning variable selection for: CA1.3"
[1] "selecting top 1 variables..."
[1] "selecting top 2 variables..."
[1] "selecting top 3 variables..."
[1] "selecting top 4 variables..."
[1] "selecting top 5 variables..."
[1] "Completed after 14.2388605833054 minutes"
[1] "Beginning variable selection for: CA1.4"
[1] "selecting top 1 variables..."
[1] "selecting top 2 variables..."
[1] "selecting top 3 variables..."
[1] "selecting top 4 variables..."
[1] "selecting top 5 variables..."
[1] "Completed after 20.0048735181491 minutes"
[1] "Beginning variable selection for: CA1.5"
[1] "selecting top 1 variables..."
[1] "selecting top 2 variables..."
[1] "selecting top 3 variables..."
[1] "selecting top 4 variables..."
[1] "selecting top 5 variables..."
[1] "Completed after 25.1169807871183 minutes"
[1] "Beginning variable selection for: CA1.6"
[1] "selecting top 1 variables..."
[1] "selecting top 2 variables..."
[1] "selecting top 3 variables..."
[1] "selecting top 4 variables..."
[1] "selecting top 5 variables..."
[1] "Completed after 30.7477667490641 minutes"
[1] "Beginning variable selection for: CA1.7"
[1] "selecting top 1 variables..."
[1] "selecting top 2 variables..."
[1] "selecting top 3 variables..."
[1] "selecting top 4 variables..."
[1] "selecting top 5 variables..."
[1] "Completed after 35.5034421960513 minutes"
[1] "Beginning variable selection for: CA1.8"
[1] "selecting top 1 variables..."
[1] "selecting top 2 variables..."
[1] "selecting top 3 variables..."
[1] "selecting top 4 variables..."
[1] "selecting top 5 variables..."
[1] "Completed after 40.0551418821017 minutes"
[1] "Beginning variable selection for: CA1.9"
[1] "selecting top 1 variables..."
[1] "selecting top 2 variables..."
[1] "selecting top 3 variables..."
[1] "selecting top 4 variables..."
[1] "selecting top 5 variables..."
[1] "Completed after 45.6246338963509 minutes"
[1] "Beginning variable selection for: CA1.10"
[1] "selecting top 1 variables..."
[1] "selecting top 2 variables..."
[1] "selecting top 3 variables..."
[1] "selecting top 4 variables..."
[1] "selecting top 5 variables..."
[1] "Completed after 50.7980338335037 minutes"
[1] "Beginning variable selection for: CA1.11"
[1] "selecting top 1 variables..."
[1] "selecting top 2 variables..."
[1] "selecting top 3 variables..."
[1] "selecting top 4 variables..."
[1] "selecting top 5 variables..."
[1] "Completed after 55.6787017424901 minutes"
[1] "Beginning variable selection for: CA1.12"
[1] "selecting top 1 variables..."
[1] "selecting top 2 variables..."
[1] "selecting top 3 variables..."
[1] "selecting top 4 variables..."
[1] "selecting top 5 variables..."
[1] "Completed after 60.5830663283666 minutes"
[1] "Beginning variable selection for: CA1.13"
[1] "selecting top 1 variables..."
[1] "selecting top 2 variables..."
[1] "selecting top 3 variables..."
[1] "selecting top 4 variables..."
[1] "selecting top 5 variables..."
[1] "Completed after 65.3293348193169 minutes"
[1] "Beginning variable selection for: CA1.14"
[1] "selecting top 1 variables..."
[1] "selecting top 2 variables..."
[1] "selecting top 3 variables..."
[1] "selecting top 4 variables..."
[1] "selecting top 5 variables..."
[1] "Completed after 70.0096463918686 minutes"
[1] "Beginning variable selection for: CA1.15"
[1] "selecting top 1 variables..."
[1] "selecting top 2 variables..."
[1] "selecting top 3 variables..."
[1] "selecting top 4 variables..."
[1] "selecting top 5 variables..."
[1] "Completed after 74.7567278583845 minutes"
[1] "Beginning model tuning for: CA1.1"
[1] "tuning with p=1 & q=1..."
[1] "tuning with p=1 & q=2..."
[1] "tuning with p=1 & q=3..."
[1] "tuning with p=1 & q=4..."
[1] "tuning with p=1 & q=5..."
[1] "tuning with p=2 & q=1..."
[1] "tuning with p=2 & q=2..."
[1] "tuning with p=2 & q=3..."
[1] "tuning with p=2 & q=4..."
[1] "tuning with p=2 & q=5..."
[1] "tuning with p=3 & q=1..."
[1] "tuning with p=3 & q=2..."
[1] "tuning with p=3 & q=3..."
[1] "tuning with p=3 & q=4..."
[1] "tuning with p=3 & q=5..."
[1] "tuning with p=4 & q=1..."
[1] "tuning with p=4 & q=2..."
[1] "tuning with p=4 & q=3..."
[1] "tuning with p=4 & q=4..."
[1] "tuning with p=4 & q=5..."
[1] "tuning with p=5 & q=1..."
[1] "tuning with p=5 & q=2..."
[1] "tuning with p=5 & q=3..."
[1] "tuning with p=5 & q=4..."
[1] "tuning with p=5 & q=5..."
[1] "Completed after 100.206994124254 minutes"
[1] "Beginning model tuning for: CA1.2"
[1] "tuning with p=1 & q=1..."
[1] "tuning with p=1 & q=2..."
[1] "tuning with p=1 & q=3..."
[1] "tuning with p=1 & q=4..."
[1] "tuning with p=1 & q=5..."
[1] "tuning with p=2 & q=1..."
[1] "tuning with p=2 & q=2..."
[1] "tuning with p=2 & q=3..."
[1] "tuning with p=2 & q=4..."
[1] "tuning with p=2 & q=5..."
[1] "tuning with p=3 & q=1..."
[1] "tuning with p=3 & q=2..."
[1] "tuning with p=3 & q=3..."
[1] "tuning with p=3 & q=4..."
